[  0%] Built target geometry_msgs_generate_messages_cpp
[  0%] Built target std_msgs_generate_messages_cpp
[  7%] Built target PatrolAgent
[  7%] Built target std_msgs_generate_messages_lisp
[  7%] Built target geometry_msgs_generate_messages_lisp
[  7%] Built target geometry_msgs_generate_messages_py
[ 11%] Built target SSIPatrolAgent
[ 11%] Built target std_msgs_generate_messages_nodejs
[ 11%] Built target geometry_msgs_generate_messages_eus
[ 11%] Built target std_msgs_generate_messages_py
[ 11%] Built target geometry_msgs_generate_messages_nodejs
[ 11%] Built target std_msgs_generate_messages_eus
[ 11%] Built target _patrolling_sim_generate_messages_check_deps_XCordenate
[ 14%] Built target Conscientious_Cognitive
[ 17%] Built target GBS
[ 17%] Built target _patrolling_sim_generate_messages_check_deps_PosRot
[ 20%] Built target idlHistogram
[ 20%] Built target _patrolling_sim_generate_messages_check_deps_GoToStartPosSrv
[ 20%] Built target _patrolling_sim_generate_messages_check_deps_UnityColor
[ 23%] Built target DTASSIPart
[ 26%] Built target CBLS
[ 31%] Built target DTAGreedy
[ 34%] Built target Random
[ 36%] Built target Heuristic_Conscientious_Reactive
[ 39%] Built target SEBS
[ 42%] Built target Cyclic
[ 46%] Built target DTASSI
[ 49%] Built target MSP
[ 57%] Built target patrolling_sim_generate_messages_eus
[ 63%] Built target patrolling_sim_generate_messages_lisp
[ 66%] Built target Conscientious_Reactive
[ 76%] Built target patrolling_sim_generate_messages_py
[ 82%] Built target patrolling_sim_generate_messages_cpp
[ 88%] Built target patrolling_sim_generate_messages_nodejs
[ 88%] Built target patrolling_sim_generate_messages
[ 88%] Built target patrolling_sim_gencpp
[ 93%] Built target monitor
[ 96%] Built target monitorV1
[100%] Built target GoToStartPos
