[  0%] Built target geometry_msgs_generate_messages_cpp
[  3%] Built target SSIPatrolAgent
[  3%] Built target std_msgs_generate_messages_cpp
[  3%] Built target std_msgs_generate_messages_eus
[  3%] Built target std_msgs_generate_messages_py
[  3%] Built target geometry_msgs_generate_messages_nodejs
[  3%] Built target std_msgs_generate_messages_lisp
[  3%] Built target std_msgs_generate_messages_nodejs
[  3%] Built target geometry_msgs_generate_messages_py
[ 11%] Built target PatrolAgent
[ 14%] Built target idlHistogram
[ 14%] Built target geometry_msgs_generate_messages_lisp
[ 14%] Built target geometry_msgs_generate_messages_eus
[ 17%] Built target Random
[ 20%] Built target DTASSIPart
[ 23%] Built target MSP
[ 26%] Built target Cyclic
[ 30%] Built target DTAGreedy
[ 33%] Built target Conscientious_Reactive
[ 36%] Built target CBLS
[ 39%] Built target DTASSI
[ 42%] Built target Conscientious_Cognitive
[ 46%] Built target GBS
[ 46%] Built target _patrolling_sim_generate_messages_check_deps_PosRot
[ 46%] Built target _patrolling_sim_generate_messages_check_deps_XCordenate
[ 49%] Built target Heuristic_Conscientious_Reactive
[ 52%] Built target SEBS
[ 52%] Built target _patrolling_sim_generate_messages_check_deps_UnityColor
[ 52%] Built target _patrolling_sim_generate_messages_check_deps_GoToStartPosSrv
[ 69%] Built target patrolling_sim_generate_messages_nodejs
[ 69%] Built target patrolling_sim_generate_messages_lisp
[ 71%] Built target patrolling_sim_generate_messages_cpp
[ 80%] Built target patrolling_sim_generate_messages_py
[ 88%] Built target patrolling_sim_generate_messages_eus
[ 88%] Built target patrolling_sim_gencpp
[ 88%] Built target patrolling_sim_generate_messages
[ 98%] Built target monitorV1
[ 98%] Built target GoToStartPos
[100%] Built target monitor
