[  0%] Built target geometry_msgs_generate_messages_py
[  1%] Built target std_msgs_generate_messages_cpp
[  7%] Built target PatrolAgent
[  7%] Built target std_msgs_generate_messages_nodejs
[  7%] Built target std_msgs_generate_messages_lisp
[ 11%] Built target SSIPatrolAgent
[ 11%] Built target geometry_msgs_generate_messages_nodejs
[ 11%] Built target geometry_msgs_generate_messages_cpp
[ 11%] Built target geometry_msgs_generate_messages_lisp
[ 11%] Built target geometry_msgs_generate_messages_eus
[ 11%] Built target std_msgs_generate_messages_py
[ 11%] Built target std_msgs_generate_messages_eus
[ 11%] Built target _patrolling_sim_generate_messages_check_deps_UnityColor
[ 12%] Built target _patrolling_sim_generate_messages_check_deps_XCordenate
[ 14%] Built target idlHistogram
[ 17%] Built target DTASSI
[ 20%] Built target CBLS
[ 23%] Built target DTAGreedy
[ 23%] Built target _patrolling_sim_generate_messages_check_deps_PosRot
[ 26%] Built target Random
[ 30%] Built target SEBS
[ 33%] Built target Conscientious_Reactive
[ 36%] Built target Conscientious_Cognitive
[ 39%] Built target MSP
[ 42%] Built target Cyclic
[ 46%] Built target GBS
[ 49%] Built target Heuristic_Conscientious_Reactive
[ 52%] Built target DTASSIPart
[ 52%] Built target _patrolling_sim_generate_messages_check_deps_GoToStartPosSrv
[ 58%] Built target patrolling_sim_generate_messages_lisp
[ 68%] Built target patrolling_sim_generate_messages_py
[ 74%] Built target patrolling_sim_generate_messages_cpp
[ 80%] Built target patrolling_sim_generate_messages_nodejs
[ 88%] Built target patrolling_sim_generate_messages_eus
[ 88%] Built target patrolling_sim_gencpp
[ 88%] Built target patrolling_sim_generate_messages
[ 93%] Built target monitor
[ 96%] Built target monitorV1
[100%] Built target GoToStartPos
