Linked: (/home/jorgeurjc/WorkSpace/ROS1/Distributed-AgroSIM/devel/.private/patrolling_sim/include/patrolling_sim/PosRot.h, /home/jorgeurjc/WorkSpace/ROS1/Distributed-AgroSIM/devel/include/patrolling_sim/PosRot.h)
Linked: (/home/jorgeurjc/WorkSpace/ROS1/Distributed-AgroSIM/devel/.private/patrolling_sim/include/patrolling_sim/GoToStartPosSrvRequest.h, /home/jorgeurjc/WorkSpace/ROS1/Distributed-AgroSIM/devel/include/patrolling_sim/GoToStartPosSrvRequest.h)
Linked: (/home/jorgeurjc/WorkSpace/ROS1/Distributed-AgroSIM/devel/.private/patrolling_sim/include/patrolling_sim/GoToStartPosSrvResponse.h, /home/jorgeurjc/WorkSpace/ROS1/Distributed-AgroSIM/devel/include/patrolling_sim/GoToStartPosSrvResponse.h)
Linked: (/home/jorgeurjc/WorkSpace/ROS1/Distributed-AgroSIM/devel/.private/patrolling_sim/include/patrolling_sim/XCordenate.h, /home/jorgeurjc/WorkSpace/ROS1/Distributed-AgroSIM/devel/include/patrolling_sim/XCordenate.h)
Linked: (/home/jorgeurjc/WorkSpace/ROS1/Distributed-AgroSIM/devel/.private/patrolling_sim/include/patrolling_sim/GoToStartPosSrv.h, /home/jorgeurjc/WorkSpace/ROS1/Distributed-AgroSIM/devel/include/patrolling_sim/GoToStartPosSrv.h)
Linked: (/home/jorgeurjc/WorkSpace/ROS1/Distributed-AgroSIM/devel/.private/patrolling_sim/include/patrolling_sim/UnityColor.h, /home/jorgeurjc/WorkSpace/ROS1/Distributed-AgroSIM/devel/include/patrolling_sim/UnityColor.h)
Linked: (/home/jorgeurjc/WorkSpace/ROS1/Distributed-AgroSIM/devel/.private/patrolling_sim/lib/libSSIPatrolAgent.so, /home/jorgeurjc/WorkSpace/ROS1/Distributed-AgroSIM/devel/lib/libSSIPatrolAgent.so)
Linked: (/home/jorgeurjc/WorkSpace/ROS1/Distributed-AgroSIM/devel/.private/patrolling_sim/lib/libPatrolAgent.so, /home/jorgeurjc/WorkSpace/ROS1/Distributed-AgroSIM/devel/lib/libPatrolAgent.so)
Linked: (/home/jorgeurjc/WorkSpace/ROS1/Distributed-AgroSIM/devel/.private/patrolling_sim/lib/patrolling_sim/Conscientious_Cognitive, /home/jorgeurjc/WorkSpace/ROS1/Distributed-AgroSIM/devel/lib/patrolling_sim/Conscientious_Cognitive)
Linked: (/home/jorgeurjc/WorkSpace/ROS1/Distributed-AgroSIM/devel/.private/patrolling_sim/lib/patrolling_sim/DTASSI, /home/jorgeurjc/WorkSpace/ROS1/Distributed-AgroSIM/devel/lib/patrolling_sim/DTASSI)
Linked: (/home/jorgeurjc/WorkSpace/ROS1/Distributed-AgroSIM/devel/.private/patrolling_sim/lib/patrolling_sim/DTASSIPart, /home/jorgeurjc/WorkSpace/ROS1/Distributed-AgroSIM/devel/lib/patrolling_sim/DTASSIPart)
Linked: (/home/jorgeurjc/WorkSpace/ROS1/Distributed-AgroSIM/devel/.private/patrolling_sim/lib/patrolling_sim/GoToStartPos, /home/jorgeurjc/WorkSpace/ROS1/Distributed-AgroSIM/devel/lib/patrolling_sim/GoToStartPos)
Linked: (/home/jorgeurjc/WorkSpace/ROS1/Distributed-AgroSIM/devel/.private/patrolling_sim/lib/patrolling_sim/Heuristic_Conscientious_Reactive, /home/jorgeurjc/WorkSpace/ROS1/Distributed-AgroSIM/devel/lib/patrolling_sim/Heuristic_Conscientious_Reactive)
Linked: (/home/jorgeurjc/WorkSpace/ROS1/Distributed-AgroSIM/devel/.private/patrolling_sim/lib/patrolling_sim/CBLS, /home/jorgeurjc/WorkSpace/ROS1/Distributed-AgroSIM/devel/lib/patrolling_sim/CBLS)
Linked: (/home/jorgeurjc/WorkSpace/ROS1/Distributed-AgroSIM/devel/.private/patrolling_sim/lib/patrolling_sim/Cyclic, /home/jorgeurjc/WorkSpace/ROS1/Distributed-AgroSIM/devel/lib/patrolling_sim/Cyclic)
Linked: (/home/jorgeurjc/WorkSpace/ROS1/Distributed-AgroSIM/devel/.private/patrolling_sim/lib/patrolling_sim/monitorV1, /home/jorgeurjc/WorkSpace/ROS1/Distributed-AgroSIM/devel/lib/patrolling_sim/monitorV1)
Linked: (/home/jorgeurjc/WorkSpace/ROS1/Distributed-AgroSIM/devel/.private/patrolling_sim/lib/patrolling_sim/Conscientious_Reactive, /home/jorgeurjc/WorkSpace/ROS1/Distributed-AgroSIM/devel/lib/patrolling_sim/Conscientious_Reactive)
Linked: (/home/jorgeurjc/WorkSpace/ROS1/Distributed-AgroSIM/devel/.private/patrolling_sim/lib/patrolling_sim/GBS, /home/jorgeurjc/WorkSpace/ROS1/Distributed-AgroSIM/devel/lib/patrolling_sim/GBS)
Linked: (/home/jorgeurjc/WorkSpace/ROS1/Distributed-AgroSIM/devel/.private/patrolling_sim/lib/patrolling_sim/Random, /home/jorgeurjc/WorkSpace/ROS1/Distributed-AgroSIM/devel/lib/patrolling_sim/Random)
Linked: (/home/jorgeurjc/WorkSpace/ROS1/Distributed-AgroSIM/devel/.private/patrolling_sim/lib/patrolling_sim/monitor, /home/jorgeurjc/WorkSpace/ROS1/Distributed-AgroSIM/devel/lib/patrolling_sim/monitor)
Linked: (/home/jorgeurjc/WorkSpace/ROS1/Distributed-AgroSIM/devel/.private/patrolling_sim/lib/patrolling_sim/idlHistogram, /home/jorgeurjc/WorkSpace/ROS1/Distributed-AgroSIM/devel/lib/patrolling_sim/idlHistogram)
Linked: (/home/jorgeurjc/WorkSpace/ROS1/Distributed-AgroSIM/devel/.private/patrolling_sim/lib/patrolling_sim/DTAGreedy, /home/jorgeurjc/WorkSpace/ROS1/Distributed-AgroSIM/devel/lib/patrolling_sim/DTAGreedy)
Linked: (/home/jorgeurjc/WorkSpace/ROS1/Distributed-AgroSIM/devel/.private/patrolling_sim/lib/patrolling_sim/MSP, /home/jorgeurjc/WorkSpace/ROS1/Distributed-AgroSIM/devel/lib/patrolling_sim/MSP)
Linked: (/home/jorgeurjc/WorkSpace/ROS1/Distributed-AgroSIM/devel/.private/patrolling_sim/lib/patrolling_sim/SEBS, /home/jorgeurjc/WorkSpace/ROS1/Distributed-AgroSIM/devel/lib/patrolling_sim/SEBS)
Linked: (/home/jorgeurjc/WorkSpace/ROS1/Distributed-AgroSIM/devel/.private/patrolling_sim/lib/pkgconfig/patrolling_sim.pc, /home/jorgeurjc/WorkSpace/ROS1/Distributed-AgroSIM/devel/lib/pkgconfig/patrolling_sim.pc)
Linked: (/home/jorgeurjc/WorkSpace/ROS1/Distributed-AgroSIM/devel/.private/patrolling_sim/lib/python3/dist-packages/patrolling_sim/__init__.py, /home/jorgeurjc/WorkSpace/ROS1/Distributed-AgroSIM/devel/lib/python3/dist-packages/patrolling_sim/__init__.py)
Linked: (/home/jorgeurjc/WorkSpace/ROS1/Distributed-AgroSIM/devel/.private/patrolling_sim/lib/python3/dist-packages/patrolling_sim/srv/_GoToStartPosSrv.py, /home/jorgeurjc/WorkSpace/ROS1/Distributed-AgroSIM/devel/lib/python3/dist-packages/patrolling_sim/srv/_GoToStartPosSrv.py)
Linked: (/home/jorgeurjc/WorkSpace/ROS1/Distributed-AgroSIM/devel/.private/patrolling_sim/lib/python3/dist-packages/patrolling_sim/srv/__init__.py, /home/jorgeurjc/WorkSpace/ROS1/Distributed-AgroSIM/devel/lib/python3/dist-packages/patrolling_sim/srv/__init__.py)
Linked: (/home/jorgeurjc/WorkSpace/ROS1/Distributed-AgroSIM/devel/.private/patrolling_sim/lib/python3/dist-packages/patrolling_sim/msg/_PosRot.py, /home/jorgeurjc/WorkSpace/ROS1/Distributed-AgroSIM/devel/lib/python3/dist-packages/patrolling_sim/msg/_PosRot.py)
Linked: (/home/jorgeurjc/WorkSpace/ROS1/Distributed-AgroSIM/devel/.private/patrolling_sim/lib/python3/dist-packages/patrolling_sim/msg/_XCordenate.py, /home/jorgeurjc/WorkSpace/ROS1/Distributed-AgroSIM/devel/lib/python3/dist-packages/patrolling_sim/msg/_XCordenate.py)
Linked: (/home/jorgeurjc/WorkSpace/ROS1/Distributed-AgroSIM/devel/.private/patrolling_sim/lib/python3/dist-packages/patrolling_sim/msg/_UnityColor.py, /home/jorgeurjc/WorkSpace/ROS1/Distributed-AgroSIM/devel/lib/python3/dist-packages/patrolling_sim/msg/_UnityColor.py)
Linked: (/home/jorgeurjc/WorkSpace/ROS1/Distributed-AgroSIM/devel/.private/patrolling_sim/lib/python3/dist-packages/patrolling_sim/msg/__init__.py, /home/jorgeurjc/WorkSpace/ROS1/Distributed-AgroSIM/devel/lib/python3/dist-packages/patrolling_sim/msg/__init__.py)
Linked: (/home/jorgeurjc/WorkSpace/ROS1/Distributed-AgroSIM/devel/.private/patrolling_sim/share/common-lisp/ros/patrolling_sim/srv/patrolling_sim-srv.asd, /home/jorgeurjc/WorkSpace/ROS1/Distributed-AgroSIM/devel/share/common-lisp/ros/patrolling_sim/srv/patrolling_sim-srv.asd)
Linked: (/home/jorgeurjc/WorkSpace/ROS1/Distributed-AgroSIM/devel/.private/patrolling_sim/share/common-lisp/ros/patrolling_sim/srv/_package_GoToStartPosSrv.lisp, /home/jorgeurjc/WorkSpace/ROS1/Distributed-AgroSIM/devel/share/common-lisp/ros/patrolling_sim/srv/_package_GoToStartPosSrv.lisp)
Linked: (/home/jorgeurjc/WorkSpace/ROS1/Distributed-AgroSIM/devel/.private/patrolling_sim/share/common-lisp/ros/patrolling_sim/srv/GoToStartPosSrv.lisp, /home/jorgeurjc/WorkSpace/ROS1/Distributed-AgroSIM/devel/share/common-lisp/ros/patrolling_sim/srv/GoToStartPosSrv.lisp)
Linked: (/home/jorgeurjc/WorkSpace/ROS1/Distributed-AgroSIM/devel/.private/patrolling_sim/share/common-lisp/ros/patrolling_sim/srv/_package.lisp, /home/jorgeurjc/WorkSpace/ROS1/Distributed-AgroSIM/devel/share/common-lisp/ros/patrolling_sim/srv/_package.lisp)
Linked: (/home/jorgeurjc/WorkSpace/ROS1/Distributed-AgroSIM/devel/.private/patrolling_sim/share/common-lisp/ros/patrolling_sim/msg/patrolling_sim-msg.asd, /home/jorgeurjc/WorkSpace/ROS1/Distributed-AgroSIM/devel/share/common-lisp/ros/patrolling_sim/msg/patrolling_sim-msg.asd)
Linked: (/home/jorgeurjc/WorkSpace/ROS1/Distributed-AgroSIM/devel/.private/patrolling_sim/share/common-lisp/ros/patrolling_sim/msg/_package_XCordenate.lisp, /home/jorgeurjc/WorkSpace/ROS1/Distributed-AgroSIM/devel/share/common-lisp/ros/patrolling_sim/msg/_package_XCordenate.lisp)
Linked: (/home/jorgeurjc/WorkSpace/ROS1/Distributed-AgroSIM/devel/.private/patrolling_sim/share/common-lisp/ros/patrolling_sim/msg/XCordenate.lisp, /home/jorgeurjc/WorkSpace/ROS1/Distributed-AgroSIM/devel/share/common-lisp/ros/patrolling_sim/msg/XCordenate.lisp)
Linked: (/home/jorgeurjc/WorkSpace/ROS1/Distributed-AgroSIM/devel/.private/patrolling_sim/share/common-lisp/ros/patrolling_sim/msg/_package_UnityColor.lisp, /home/jorgeurjc/WorkSpace/ROS1/Distributed-AgroSIM/devel/share/common-lisp/ros/patrolling_sim/msg/_package_UnityColor.lisp)
Linked: (/home/jorgeurjc/WorkSpace/ROS1/Distributed-AgroSIM/devel/.private/patrolling_sim/share/common-lisp/ros/patrolling_sim/msg/UnityColor.lisp, /home/jorgeurjc/WorkSpace/ROS1/Distributed-AgroSIM/devel/share/common-lisp/ros/patrolling_sim/msg/UnityColor.lisp)
Linked: (/home/jorgeurjc/WorkSpace/ROS1/Distributed-AgroSIM/devel/.private/patrolling_sim/share/common-lisp/ros/patrolling_sim/msg/_package.lisp, /home/jorgeurjc/WorkSpace/ROS1/Distributed-AgroSIM/devel/share/common-lisp/ros/patrolling_sim/msg/_package.lisp)
Linked: (/home/jorgeurjc/WorkSpace/ROS1/Distributed-AgroSIM/devel/.private/patrolling_sim/share/common-lisp/ros/patrolling_sim/msg/_package_PosRot.lisp, /home/jorgeurjc/WorkSpace/ROS1/Distributed-AgroSIM/devel/share/common-lisp/ros/patrolling_sim/msg/_package_PosRot.lisp)
Linked: (/home/jorgeurjc/WorkSpace/ROS1/Distributed-AgroSIM/devel/.private/patrolling_sim/share/common-lisp/ros/patrolling_sim/msg/PosRot.lisp, /home/jorgeurjc/WorkSpace/ROS1/Distributed-AgroSIM/devel/share/common-lisp/ros/patrolling_sim/msg/PosRot.lisp)
Linked: (/home/jorgeurjc/WorkSpace/ROS1/Distributed-AgroSIM/devel/.private/patrolling_sim/share/patrolling_sim/cmake/patrolling_simConfig-version.cmake, /home/jorgeurjc/WorkSpace/ROS1/Distributed-AgroSIM/devel/share/patrolling_sim/cmake/patrolling_simConfig-version.cmake)
Linked: (/home/jorgeurjc/WorkSpace/ROS1/Distributed-AgroSIM/devel/.private/patrolling_sim/share/patrolling_sim/cmake/patrolling_simConfig.cmake, /home/jorgeurjc/WorkSpace/ROS1/Distributed-AgroSIM/devel/share/patrolling_sim/cmake/patrolling_simConfig.cmake)
Linked: (/home/jorgeurjc/WorkSpace/ROS1/Distributed-AgroSIM/devel/.private/patrolling_sim/share/patrolling_sim/cmake/patrolling_sim-msg-paths.cmake, /home/jorgeurjc/WorkSpace/ROS1/Distributed-AgroSIM/devel/share/patrolling_sim/cmake/patrolling_sim-msg-paths.cmake)
Linked: (/home/jorgeurjc/WorkSpace/ROS1/Distributed-AgroSIM/devel/.private/patrolling_sim/share/patrolling_sim/cmake/patrolling_sim-msg-extras.cmake, /home/jorgeurjc/WorkSpace/ROS1/Distributed-AgroSIM/devel/share/patrolling_sim/cmake/patrolling_sim-msg-extras.cmake)
Linked: (/home/jorgeurjc/WorkSpace/ROS1/Distributed-AgroSIM/devel/.private/patrolling_sim/share/roseus/ros/patrolling_sim/manifest.l, /home/jorgeurjc/WorkSpace/ROS1/Distributed-AgroSIM/devel/share/roseus/ros/patrolling_sim/manifest.l)
Linked: (/home/jorgeurjc/WorkSpace/ROS1/Distributed-AgroSIM/devel/.private/patrolling_sim/share/roseus/ros/patrolling_sim/srv/GoToStartPosSrv.l, /home/jorgeurjc/WorkSpace/ROS1/Distributed-AgroSIM/devel/share/roseus/ros/patrolling_sim/srv/GoToStartPosSrv.l)
Linked: (/home/jorgeurjc/WorkSpace/ROS1/Distributed-AgroSIM/devel/.private/patrolling_sim/share/roseus/ros/patrolling_sim/msg/XCordenate.l, /home/jorgeurjc/WorkSpace/ROS1/Distributed-AgroSIM/devel/share/roseus/ros/patrolling_sim/msg/XCordenate.l)
Linked: (/home/jorgeurjc/WorkSpace/ROS1/Distributed-AgroSIM/devel/.private/patrolling_sim/share/roseus/ros/patrolling_sim/msg/PosRot.l, /home/jorgeurjc/WorkSpace/ROS1/Distributed-AgroSIM/devel/share/roseus/ros/patrolling_sim/msg/PosRot.l)
Linked: (/home/jorgeurjc/WorkSpace/ROS1/Distributed-AgroSIM/devel/.private/patrolling_sim/share/roseus/ros/patrolling_sim/msg/UnityColor.l, /home/jorgeurjc/WorkSpace/ROS1/Distributed-AgroSIM/devel/share/roseus/ros/patrolling_sim/msg/UnityColor.l)
Linked: (/home/jorgeurjc/WorkSpace/ROS1/Distributed-AgroSIM/devel/.private/patrolling_sim/share/gennodejs/ros/patrolling_sim/_index.js, /home/jorgeurjc/WorkSpace/ROS1/Distributed-AgroSIM/devel/share/gennodejs/ros/patrolling_sim/_index.js)
Linked: (/home/jorgeurjc/WorkSpace/ROS1/Distributed-AgroSIM/devel/.private/patrolling_sim/share/gennodejs/ros/patrolling_sim/srv/GoToStartPosSrv.js, /home/jorgeurjc/WorkSpace/ROS1/Distributed-AgroSIM/devel/share/gennodejs/ros/patrolling_sim/srv/GoToStartPosSrv.js)
Linked: (/home/jorgeurjc/WorkSpace/ROS1/Distributed-AgroSIM/devel/.private/patrolling_sim/share/gennodejs/ros/patrolling_sim/srv/_index.js, /home/jorgeurjc/WorkSpace/ROS1/Distributed-AgroSIM/devel/share/gennodejs/ros/patrolling_sim/srv/_index.js)
Linked: (/home/jorgeurjc/WorkSpace/ROS1/Distributed-AgroSIM/devel/.private/patrolling_sim/share/gennodejs/ros/patrolling_sim/msg/XCordenate.js, /home/jorgeurjc/WorkSpace/ROS1/Distributed-AgroSIM/devel/share/gennodejs/ros/patrolling_sim/msg/XCordenate.js)
Linked: (/home/jorgeurjc/WorkSpace/ROS1/Distributed-AgroSIM/devel/.private/patrolling_sim/share/gennodejs/ros/patrolling_sim/msg/_index.js, /home/jorgeurjc/WorkSpace/ROS1/Distributed-AgroSIM/devel/share/gennodejs/ros/patrolling_sim/msg/_index.js)
Linked: (/home/jorgeurjc/WorkSpace/ROS1/Distributed-AgroSIM/devel/.private/patrolling_sim/share/gennodejs/ros/patrolling_sim/msg/PosRot.js, /home/jorgeurjc/WorkSpace/ROS1/Distributed-AgroSIM/devel/share/gennodejs/ros/patrolling_sim/msg/PosRot.js)
Linked: (/home/jorgeurjc/WorkSpace/ROS1/Distributed-AgroSIM/devel/.private/patrolling_sim/share/gennodejs/ros/patrolling_sim/msg/UnityColor.js, /home/jorgeurjc/WorkSpace/ROS1/Distributed-AgroSIM/devel/share/gennodejs/ros/patrolling_sim/msg/UnityColor.js)
