[  0%] Built target std_msgs_generate_messages_cpp
[  7%] Built target PatrolAgent
[ 11%] Built target SSIPatrolAgent
[ 11%] Built target geometry_msgs_generate_messages_cpp
[ 11%] Built target geometry_msgs_generate_messages_lisp
[ 11%] Built target geometry_msgs_generate_messages_eus
[ 11%] Built target std_msgs_generate_messages_py
[ 11%] Built target geometry_msgs_generate_messages_nodejs
[ 11%] Built target geometry_msgs_generate_messages_py
[ 11%] Built target std_msgs_generate_messages_nodejs
[ 11%] Built target std_msgs_generate_messages_eus
[ 11%] Built target std_msgs_generate_messages_lisp
[ 14%] Built target idlHistogram
[ 17%] Built target Random
[ 20%] Built target CBLS
[ 23%] Built target Conscientious_Cognitive
[ 26%] Built target Cyclic
[ 30%] Built target DTAGreedy
[ 33%] Built target SEBS
[ 36%] Built target MSP
[ 39%] Built target DTASSI
[ 42%] Built target Conscientious_Reactive
[ 42%] Built target _patrolling_sim_generate_messages_check_deps_GoToStartPosSrv
[ 46%] Built target GBS
[ 46%] Built target _patrolling_sim_generate_messages_check_deps_UnityColor
[ 49%] Built target Heuristic_Conscientious_Reactive
[ 52%] Built target DTASSIPart
[ 52%] Built target _patrolling_sim_generate_messages_check_deps_XCordenate
[ 52%] Built target _patrolling_sim_generate_messages_check_deps_PosRot
[ 61%] Built target patrolling_sim_generate_messages_py
[ 68%] Built target patrolling_sim_generate_messages_lisp
[ 74%] Built target patrolling_sim_generate_messages_cpp
[ 82%] Built target patrolling_sim_generate_messages_eus
[ 88%] Built target patrolling_sim_generate_messages_nodejs
[ 88%] Built target patrolling_sim_gencpp
[ 88%] Built target patrolling_sim_generate_messages
[ 92%] Built target monitorV1
[ 98%] Built target GoToStartPos
[100%] Built target monitor
