[  0%] Built target std_msgs_generate_messages_lisp
[  3%] Built target geometry_msgs_generate_messages_py
[  3%] Built target geometry_msgs_generate_messages_lisp
[  3%] Built target SSIPatrolAgent
[  3%] Built target std_msgs_generate_messages_py
[  3%] Built target std_msgs_generate_messages_cpp
[ 11%] Built target PatrolAgent
[ 11%] Built target geometry_msgs_generate_messages_cpp
[ 11%] Built target geometry_msgs_generate_messages_nodejs
[ 11%] Built target geometry_msgs_generate_messages_eus
[ 11%] Built target std_msgs_generate_messages_nodejs
[ 11%] Built target std_msgs_generate_messages_eus
[ 14%] Built target idlHistogram
[ 19%] Built target DTASSIPart
[ 20%] Built target DTAGreedy
[ 23%] Built target Random
[ 26%] Built target CBLS
[ 30%] Built target SEBS
[ 30%] Built target _patrolling_sim_generate_messages_check_deps_XCordenate
[ 30%] Built target _patrolling_sim_generate_messages_check_deps_GoToStartPosSrv
[ 33%] Built target MSP
[ 36%] Built target Cyclic
[ 36%] Built target _patrolling_sim_generate_messages_check_deps_UnityColor
[ 36%] Built target _patrolling_sim_generate_messages_check_deps_PosRot
[ 39%] Built target DTASSI
[ 42%] Built target Conscientious_Cognitive
[ 46%] Built target Conscientious_Reactive
[ 49%] Built target GBS
[ 52%] Built target Heuristic_Conscientious_Reactive
[ 66%] Built target patrolling_sim_generate_messages_cpp
[ 68%] Built target patrolling_sim_generate_messages_py
[ 76%] Built target patrolling_sim_generate_messages_eus
[ 82%] Built target patrolling_sim_generate_messages_lisp
[ 88%] Built target patrolling_sim_generate_messages_nodejs
[ 88%] Built target patrolling_sim_gencpp
[ 88%] Built target patrolling_sim_generate_messages
[ 96%] Built target monitor
[ 96%] Built target monitorV1
[100%] Built target GoToStartPos
