[  0%] Built target std_msgs_generate_messages_lisp
[  1%] Built target std_msgs_generate_messages_cpp
[  3%] Built target SSIPatrolAgent
[  3%] Built target geometry_msgs_generate_messages_cpp
[  3%] Built target std_msgs_generate_messages_py
[  3%] Built target geometry_msgs_generate_messages_lisp
[ 11%] Built target PatrolAgent
[ 11%] Built target geometry_msgs_generate_messages_nodejs
[ 11%] Built target std_msgs_generate_messages_eus
[ 11%] Built target geometry_msgs_generate_messages_py
[ 11%] Built target std_msgs_generate_messages_nodejs
[ 11%] Built target geometry_msgs_generate_messages_eus
[ 14%] Built target idlHistogram
[ 17%] Built target DTASSIPart
[ 17%] Built target _patrolling_sim_generate_messages_check_deps_PosRot
[ 17%] Built target _patrolling_sim_generate_messages_check_deps_GoToStartPosSrv
[ 17%] Built target _patrolling_sim_generate_messages_check_deps_UnityColor
[ 20%] Built target DTAGreedy
[ 17%] Built target _patrolling_sim_generate_messages_check_deps_XCordenate
[ 23%] Built target Random
[ 26%] Built target CBLS
[ 30%] Built target MSP
[ 33%] Built target SEBS
[ 36%] Built target Cyclic
[ 42%] Built target patrolling_sim_generate_messages_cpp
[ 49%] Built target patrolling_sim_generate_messages_lisp
[ 52%] Built target GBS
[ 55%] Built target Conscientious_Cognitive
[ 58%] Built target DTASSI
[ 68%] Built target patrolling_sim_generate_messages_py
[ 71%] Built target Conscientious_Reactive
[ 74%] Built target Heuristic_Conscientious_Reactive
[ 87%] Built target patrolling_sim_generate_messages_nodejs
[ 88%] Built target patrolling_sim_generate_messages_eus
[ 88%] Built target patrolling_sim_gencpp
[ 88%] Built target patrolling_sim_generate_messages
[ 92%] Built target monitorV1
[ 95%] Built target GoToStartPos
[100%] Built target monitor
