[  0%] Built target geometry_msgs_generate_messages_cpp
[  0%] Built target geometry_msgs_generate_messages_py
[  0%] Built target geometry_msgs_generate_messages_nodejs
[  0%] Built target std_msgs_generate_messages_cpp
[  0%] Built target std_msgs_generate_messages_nodejs
[  0%] Built target std_msgs_generate_messages_py
[  0%] Built target geometry_msgs_generate_messages_lisp
[  7%] Built target PatrolAgent
[  7%] Built target geometry_msgs_generate_messages_eus
[ 11%] Built target SSIPatrolAgent
[ 11%] Built target std_msgs_generate_messages_lisp
[ 11%] Built target std_msgs_generate_messages_eus
[ 12%] Built target _patrolling_sim_generate_messages_check_deps_PosRot
[ 14%] Built target CBLS
[ 15%] Built target _patrolling_sim_generate_messages_check_deps_XCordenate
[ 17%] Built target DTAGreedy
[ 20%] Built target SEBS
[ 26%] Built target MSP
[ 26%] Built target Random
[ 30%] Built target idlHistogram
[ 30%] Built target _patrolling_sim_generate_messages_check_deps_GoToStartPosSrv
[ 30%] Built target _patrolling_sim_generate_messages_check_deps_UnityColor
[ 33%] Built target Conscientious_Cognitive
[ 36%] Built target Conscientious_Reactive
[ 39%] Built target GBS
[ 42%] Built target Cyclic
[ 46%] Built target Heuristic_Conscientious_Reactive
[ 52%] Built target patrolling_sim_generate_messages_nodejs
[ 55%] Built target DTASSI
[ 61%] Built target patrolling_sim_generate_messages_cpp
[ 65%] Built target DTASSIPart
[ 71%] Built target patrolling_sim_generate_messages_lisp
[ 80%] Built target patrolling_sim_generate_messages_py
[ 88%] Built target patrolling_sim_generate_messages_eus
[ 88%] Built target patrolling_sim_gencpp
[ 88%] Built target patrolling_sim_generate_messages
[ 92%] Built target GoToStartPos
[ 96%] Built target monitor
[100%] Built target monitorV1
