[  0%] Built target geometry_msgs_generate_messages_lisp
[  0%] Built target std_msgs_generate_messages_py
[  0%] Built target std_msgs_generate_messages_cpp
[  0%] Built target geometry_msgs_generate_messages_cpp
[  0%] Built target std_msgs_generate_messages_lisp
[  0%] Built target geometry_msgs_generate_messages_py
[  0%] Built target std_msgs_generate_messages_nodejs
[  1%] Built target geometry_msgs_generate_messages_nodejs
[  3%] Built target SSIPatrolAgent
[  3%] Built target std_msgs_generate_messages_eus
[ 11%] Built target PatrolAgent
[ 11%] Built target geometry_msgs_generate_messages_eus
[ 14%] Built target idlHistogram
[ 14%] Built target _patrolling_sim_generate_messages_check_deps_GoToStartPosSrv
[ 17%] Built target Random
[ 20%] Built target GBS
[ 23%] Built target DTASSIPart
[ 26%] Built target Conscientious_Reactive
[ 30%] Built target MSP
[ 30%] Built target _patrolling_sim_generate_messages_check_deps_XCordenate
[ 31%] Built target _patrolling_sim_generate_messages_check_deps_UnityColor
[ 33%] Built target CBLS
[ 36%] Built target Cyclic
[ 39%] Built target DTASSI
[ 42%] Built target Conscientious_Cognitive
[ 46%] Built target Heuristic_Conscientious_Reactive
[ 46%] Built target _patrolling_sim_generate_messages_check_deps_PosRot
[ 49%] Built target DTAGreedy
[ 52%] Built target SEBS
[ 58%] Built target patrolling_sim_generate_messages_lisp
[ 65%] Built target patrolling_sim_generate_messages_cpp
[ 71%] Built target patrolling_sim_generate_messages_nodejs
[ 80%] Built target patrolling_sim_generate_messages_py
[ 88%] Built target patrolling_sim_generate_messages_eus
[ 88%] Built target patrolling_sim_gencpp
[ 88%] Built target patrolling_sim_generate_messages
[ 95%] Built target monitorV1
[ 96%] Built target monitor
[100%] Built target GoToStartPos
