[  0%] Built target std_msgs_generate_messages_py
[  0%] Built target geometry_msgs_generate_messages_cpp
[  0%] Built target geometry_msgs_generate_messages_lisp
[  3%] Built target SSIPatrolAgent
[  3%] Built target geometry_msgs_generate_messages_py
[ 11%] Built target PatrolAgent
[ 11%] Built target std_msgs_generate_messages_cpp
[ 11%] Built target geometry_msgs_generate_messages_nodejs
[ 11%] Built target std_msgs_generate_messages_nodejs
[ 11%] Built target geometry_msgs_generate_messages_eus
[ 11%] Built target std_msgs_generate_messages_lisp
[ 14%] Built target idlHistogram
[ 14%] Built target _patrolling_sim_generate_messages_check_deps_UnityColor
[ 14%] Built target std_msgs_generate_messages_eus
[ 14%] Built target _patrolling_sim_generate_messages_check_deps_XCordenate
[ 14%] Built target _patrolling_sim_generate_messages_check_deps_GoToStartPosSrv
[ 17%] Built target CBLS
[ 20%] Built target SEBS
[ 23%] Built target Cyclic
[ 26%] Built target DTASSI
[ 30%] Built target DTAGreedy
[ 33%] Built target MSP
[ 39%] Built target Random
[ 39%] Built target Conscientious_Cognitive
[ 42%] Built target DTASSIPart
[ 46%] Built target Conscientious_Reactive
[ 49%] Built target GBS
[ 52%] Built target Heuristic_Conscientious_Reactive
[ 52%] Built target _patrolling_sim_generate_messages_check_deps_PosRot
[ 58%] Built target patrolling_sim_generate_messages_lisp
[ 69%] Built target patrolling_sim_generate_messages_cpp
[ 74%] Built target patrolling_sim_generate_messages_py
[ 80%] Built target patrolling_sim_generate_messages_nodejs
[ 88%] Built target patrolling_sim_generate_messages_eus
[ 88%] Built target patrolling_sim_gencpp
[ 88%] Built target patrolling_sim_generate_messages
[ 92%] Built target monitorV1
[ 96%] Built target monitor
[100%] Built target GoToStartPos
