[  0%] Built target std_msgs_generate_messages_cpp
[  0%] Built target geometry_msgs_generate_messages_cpp
[  3%] Built target SSIPatrolAgent
[ 11%] Built target PatrolAgent
[ 11%] Built target std_msgs_generate_messages_lisp
[ 11%] Built target _patrolling_sim_generate_messages_check_deps_PosRot
[ 11%] Built target _patrolling_sim_generate_messages_check_deps_XCordenate
[ 11%] Built target _patrolling_sim_generate_messages_check_deps_GoToStartPosSrv
[ 11%] Built target _patrolling_sim_generate_messages_check_deps_UnityColor
[ 11%] Built target geometry_msgs_generate_messages_lisp
[ 11%] Built target std_msgs_generate_messages_py
[ 11%] Built target geometry_msgs_generate_messages_py
[ 11%] Built target geometry_msgs_generate_messages_nodejs
[ 11%] Built target geometry_msgs_generate_messages_eus
[ 11%] Built target std_msgs_generate_messages_nodejs
[ 11%] Built target std_msgs_generate_messages_eus
[ 14%] Built target Conscientious_Cognitive
[ 17%] Built target GBS
[ 20%] Built target idlHistogram
[ 26%] Built target patrolling_sim_generate_messages_cpp
[ 30%] Built target Heuristic_Conscientious_Reactive
[ 33%] Built target DTASSIPart
[ 36%] Built target Random
[ 39%] Built target CBLS
[ 42%] Built target DTAGreedy
[ 46%] Built target Cyclic
[ 49%] Built target MSP
[ 52%] Built target SEBS
[ 55%] Built target DTASSI
[ 61%] Built target patrolling_sim_generate_messages_lisp
[ 65%] Built target Conscientious_Reactive
[ 71%] Built target patrolling_sim_generate_messages_nodejs
[ 79%] Built target patrolling_sim_generate_messages_eus
[ 79%] Built target patrolling_sim_gencpp
[ 88%] Built target patrolling_sim_generate_messages_py
[ 88%] Built target patrolling_sim_generate_messages
[ 93%] Built target monitor
[ 96%] Built target monitorV1
[100%] Built target GoToStartPos
