[  0%] Built target geometry_msgs_generate_messages_cpp
[  1%] Built target geometry_msgs_generate_messages_lisp
[  3%] Built target std_msgs_generate_messages_cpp
[  3%] Built target SSIPatrolAgent
[ 11%] Built target PatrolAgent
[ 11%] Built target geometry_msgs_generate_messages_py
[ 11%] Built target std_msgs_generate_messages_nodejs
[ 11%] Built target geometry_msgs_generate_messages_nodejs
[ 11%] Built target std_msgs_generate_messages_lisp
[ 11%] Built target geometry_msgs_generate_messages_eus
[ 11%] Built target std_msgs_generate_messages_py
[ 11%] Built target std_msgs_generate_messages_eus
[ 14%] Built target idlHistogram
[ 17%] Built target CBLS
[ 20%] Built target Random
[ 23%] Built target DTASSIPart
[ 26%] Built target SEBS
[ 30%] Built target DTAGreedy
[ 33%] Built target MSP
[ 33%] Built target _patrolling_sim_generate_messages_check_deps_UnityColor
[ 36%] Built target Cyclic
[ 36%] Built target _patrolling_sim_generate_messages_check_deps_PosRot
[ 39%] Built target DTASSI
[ 41%] Built target _patrolling_sim_generate_messages_check_deps_XCordenate
[ 42%] Built target Conscientious_Reactive
[ 46%] Built target Conscientious_Cognitive
[ 49%] Built target Heuristic_Conscientious_Reactive
[ 52%] Built target GBS
[ 52%] Built target _patrolling_sim_generate_messages_check_deps_GoToStartPosSrv
[ 63%] Built target patrolling_sim_generate_messages_nodejs
[ 71%] Built target patrolling_sim_generate_messages_py
[ 74%] Built target patrolling_sim_generate_messages_cpp
[ 80%] Built target patrolling_sim_generate_messages_lisp
[ 88%] Built target patrolling_sim_generate_messages_eus
[ 88%] Built target patrolling_sim_gencpp
[ 88%] Built target patrolling_sim_generate_messages
[ 96%] Built target monitor
[ 96%] Built target GoToStartPos
[100%] Built target monitorV1
