[  0%] Built target std_msgs_generate_messages_cpp
[  0%] Built target geometry_msgs_generate_messages_lisp
[  0%] Built target geometry_msgs_generate_messages_nodejs
[  0%] Built target std_msgs_generate_messages_nodejs
[  0%] Built target geometry_msgs_generate_messages_cpp
[  0%] Built target std_msgs_generate_messages_eus
[  0%] Built target std_msgs_generate_messages_lisp
[  3%] Built target SSIPatrolAgent
[  3%] Built target std_msgs_generate_messages_py
[  3%] Built target geometry_msgs_generate_messages_py
[  3%] Built target geometry_msgs_generate_messages_eus
[ 11%] Built target PatrolAgent
[ 11%] Built target _patrolling_sim_generate_messages_check_deps_UnityColor
[ 14%] Built target DTASSI
[ 17%] Built target MSP
[ 19%] Built target _patrolling_sim_generate_messages_check_deps_PosRot
[ 20%] Built target idlHistogram
[ 30%] Built target SEBS
[ 30%] Built target DTASSIPart
[ 30%] Built target Random
[ 33%] Built target Conscientious_Reactive
[ 36%] Built target Cyclic
[ 36%] Built target _patrolling_sim_generate_messages_check_deps_XCordenate
[ 36%] Built target _patrolling_sim_generate_messages_check_deps_GoToStartPosSrv
[ 39%] Built target DTAGreedy
[ 42%] Built target Conscientious_Cognitive
[ 46%] Built target GBS
[ 49%] Built target CBLS
[ 52%] Built target Heuristic_Conscientious_Reactive
[ 63%] Built target patrolling_sim_generate_messages_py
[ 68%] Built target patrolling_sim_generate_messages_nodejs
[ 74%] Built target patrolling_sim_generate_messages_cpp
[ 80%] Built target patrolling_sim_generate_messages_lisp
[ 88%] Built target patrolling_sim_generate_messages_eus
[ 88%] Built target patrolling_sim_gencpp
[ 88%] Built target patrolling_sim_generate_messages
[ 96%] Built target monitorV1
[ 96%] Built target monitor
[100%] Built target GoToStartPos
