[  3%] Built target SSIPatrolAgent
[  3%] Built target std_msgs_generate_messages_cpp
[  3%] Built target geometry_msgs_generate_messages_cpp
[ 11%] Built target PatrolAgent
[ 11%] Built target _patrolling_sim_generate_messages_check_deps_UnityColor
[ 11%] Built target _patrolling_sim_generate_messages_check_deps_XCordenate
[ 11%] Built target std_msgs_generate_messages_py
[ 11%] Built target std_msgs_generate_messages_lisp
[ 11%] Built target geometry_msgs_generate_messages_lisp
[ 11%] Built target geometry_msgs_generate_messages_py
[ 11%] Built target _patrolling_sim_generate_messages_check_deps_GoToStartPosSrv
[ 11%] Built target std_msgs_generate_messages_nodejs
[ 11%] Built target geometry_msgs_generate_messages_nodejs
[ 11%] Built target geometry_msgs_generate_messages_eus
[ 11%] Built target _patrolling_sim_generate_messages_check_deps_PosRot
[ 11%] Built target std_msgs_generate_messages_eus
[ 14%] Built target idlHistogram
[ 17%] Built target Conscientious_Cognitive
[ 22%] Built target GBS
[ 23%] Built target Heuristic_Conscientious_Reactive
[ 26%] Built target DTAGreedy
[ 30%] Built target Random
[ 33%] Built target DTASSIPart
[ 36%] Built target SEBS
[ 39%] Built target MSP
[ 42%] Built target CBLS
[ 52%] Built target patrolling_sim_generate_messages_py
[ 58%] Built target patrolling_sim_generate_messages_lisp
[ 61%] Built target Cyclic
[ 65%] Built target Conscientious_Reactive
[ 71%] Built target patrolling_sim_generate_messages_nodejs
[ 74%] Built target DTASSI
[ 80%] Built target patrolling_sim_generate_messages_cpp
[ 88%] Built target patrolling_sim_generate_messages_eus
[ 88%] Built target patrolling_sim_generate_messages
[ 88%] Built target patrolling_sim_gencpp
[ 92%] Built target monitorV1
[ 96%] Built target monitor
[100%] Built target GoToStartPos
