[  0%] Built target _patrolling_sim_generate_messages_check_deps_UnityColor
[  0%] Built target _patrolling_sim_generate_messages_check_deps_XCordenate
[  0%] Built target _patrolling_sim_generate_messages_check_deps_GoToStartPosSrv
[  0%] Built target std_msgs_generate_messages_cpp
[  0%] Built target geometry_msgs_generate_messages_cpp
[  3%] Built target SSIPatrolAgent
[ 11%] Built target PatrolAgent
[ 11%] Built target _patrolling_sim_generate_messages_check_deps_PosRot
[ 11%] Built target std_msgs_generate_messages_lisp
[ 11%] Built target geometry_msgs_generate_messages_lisp
[ 11%] Built target std_msgs_generate_messages_py
[ 11%] Built target std_msgs_generate_messages_nodejs
[ 11%] Built target geometry_msgs_generate_messages_py
[ 11%] Built target geometry_msgs_generate_messages_nodejs
[ 11%] Built target geometry_msgs_generate_messages_eus
[ 11%] Built target std_msgs_generate_messages_eus
[ 14%] Built target Conscientious_Cognitive
[ 17%] Built target GBS
[ 20%] Built target idlHistogram
[ 23%] Built target Heuristic_Conscientious_Reactive
[ 30%] Built target patrolling_sim_generate_messages_cpp
[ 33%] Built target DTASSIPart
[ 36%] Built target DTAGreedy
[ 39%] Built target CBLS
[ 42%] Built target SEBS
[ 46%] Built target Random
[ 49%] Built target MSP
[ 52%] Built target Cyclic
[ 58%] Built target patrolling_sim_generate_messages_lisp
[ 61%] Built target DTASSI
[ 65%] Built target Conscientious_Reactive
[ 74%] Built target patrolling_sim_generate_messages_py
[ 80%] Built target patrolling_sim_generate_messages_nodejs
[ 88%] Built target patrolling_sim_generate_messages_eus
[ 88%] Built target patrolling_sim_gencpp
[ 88%] Built target patrolling_sim_generate_messages
[ 92%] Built target monitorV1
[ 95%] Built target GoToStartPos
[100%] Built target monitor
