[  0%] Built target std_msgs_generate_messages_cpp
[  0%] Built target geometry_msgs_generate_messages_cpp
[  3%] Built target SSIPatrolAgent
[ 11%] Built target PatrolAgent
[ 11%] Built target _patrolling_sim_generate_messages_check_deps_GoToStartPosSrv
[ 11%] Built target _patrolling_sim_generate_messages_check_deps_UnityColor
[ 11%] Built target _patrolling_sim_generate_messages_check_deps_XCordenate
[ 11%] Built target _patrolling_sim_generate_messages_check_deps_PosRot
[ 11%] Built target std_msgs_generate_messages_lisp
[ 11%] Built target geometry_msgs_generate_messages_lisp
[ 11%] Built target std_msgs_generate_messages_nodejs
[ 11%] Built target std_msgs_generate_messages_py
[ 11%] Built target geometry_msgs_generate_messages_py
[ 11%] Built target geometry_msgs_generate_messages_nodejs
[ 11%] Built target geometry_msgs_generate_messages_eus
[ 11%] Built target std_msgs_generate_messages_eus
[ 14%] Built target idlHistogram
[ 17%] Built target Conscientious_Cognitive
[ 20%] Built target GBS
[ 23%] Built target Heuristic_Conscientious_Reactive
[ 30%] Built target patrolling_sim_generate_messages_cpp
[ 33%] Built target DTASSIPart
[ 36%] Built target DTAGreedy
[ 42%] Built target SEBS
[ 42%] Built target CBLS
[ 46%] Built target Random
[ 49%] Built target MSP
[ 52%] Built target DTASSI
[ 55%] Built target Cyclic
[ 65%] Built target patrolling_sim_generate_messages_py
[ 71%] Built target patrolling_sim_generate_messages_lisp
[ 74%] Built target Conscientious_Reactive
[ 80%] Built target patrolling_sim_generate_messages_nodejs
[ 88%] Built target patrolling_sim_generate_messages_eus
[ 88%] Built target patrolling_sim_gencpp
[ 88%] Built target patrolling_sim_generate_messages
[ 98%] Built target monitorV1
[100%] Built target monitor
[ 98%] Built target GoToStartPos
