Symlinking /home/jorgeurjc/WorkSpace/ROS1/Distributed-AgroSIM/devel/include/patrolling_sim/PosRot.h
Symlinking /home/jorgeurjc/WorkSpace/ROS1/Distributed-AgroSIM/devel/include/patrolling_sim/GoToStartPosSrvRequest.h
Symlinking /home/jorgeurjc/WorkSpace/ROS1/Distributed-AgroSIM/devel/include/patrolling_sim/GoToStartPosSrvResponse.h
Symlinking /home/jorgeurjc/WorkSpace/ROS1/Distributed-AgroSIM/devel/include/patrolling_sim/XCordenate.h
Symlinking /home/jorgeurjc/WorkSpace/ROS1/Distributed-AgroSIM/devel/include/patrolling_sim/GoToStartPosSrv.h
Symlinking /home/jorgeurjc/WorkSpace/ROS1/Distributed-AgroSIM/devel/include/patrolling_sim/UnityColor.h
Symlinking /home/jorgeurjc/WorkSpace/ROS1/Distributed-AgroSIM/devel/lib/libSSIPatrolAgent.so
Symlinking /home/jorgeurjc/WorkSpace/ROS1/Distributed-AgroSIM/devel/lib/libPatrolAgent.so
Symlinking /home/jorgeurjc/WorkSpace/ROS1/Distributed-AgroSIM/devel/lib/patrolling_sim/Conscientious_Cognitive
Symlinking /home/jorgeurjc/WorkSpace/ROS1/Distributed-AgroSIM/devel/lib/patrolling_sim/DTASSI
Symlinking /home/jorgeurjc/WorkSpace/ROS1/Distributed-AgroSIM/devel/lib/patrolling_sim/DTASSIPart
Symlinking /home/jorgeurjc/WorkSpace/ROS1/Distributed-AgroSIM/devel/lib/patrolling_sim/GoToStartPos
Symlinking /home/jorgeurjc/WorkSpace/ROS1/Distributed-AgroSIM/devel/lib/patrolling_sim/Heuristic_Conscientious_Reactive
Symlinking /home/jorgeurjc/WorkSpace/ROS1/Distributed-AgroSIM/devel/lib/patrolling_sim/CBLS
Symlinking /home/jorgeurjc/WorkSpace/ROS1/Distributed-AgroSIM/devel/lib/patrolling_sim/Cyclic
Symlinking /home/jorgeurjc/WorkSpace/ROS1/Distributed-AgroSIM/devel/lib/patrolling_sim/monitorV1
Symlinking /home/jorgeurjc/WorkSpace/ROS1/Distributed-AgroSIM/devel/lib/patrolling_sim/Conscientious_Reactive
Symlinking /home/jorgeurjc/WorkSpace/ROS1/Distributed-AgroSIM/devel/lib/patrolling_sim/GBS
Symlinking /home/jorgeurjc/WorkSpace/ROS1/Distributed-AgroSIM/devel/lib/patrolling_sim/Random
Symlinking /home/jorgeurjc/WorkSpace/ROS1/Distributed-AgroSIM/devel/lib/patrolling_sim/monitor
Symlinking /home/jorgeurjc/WorkSpace/ROS1/Distributed-AgroSIM/devel/lib/patrolling_sim/idlHistogram
Symlinking /home/jorgeurjc/WorkSpace/ROS1/Distributed-AgroSIM/devel/lib/patrolling_sim/DTAGreedy
Symlinking /home/jorgeurjc/WorkSpace/ROS1/Distributed-AgroSIM/devel/lib/patrolling_sim/MSP
Symlinking /home/jorgeurjc/WorkSpace/ROS1/Distributed-AgroSIM/devel/lib/patrolling_sim/SEBS
Symlinking /home/jorgeurjc/WorkSpace/ROS1/Distributed-AgroSIM/devel/lib/pkgconfig/patrolling_sim.pc
Symlinking /home/jorgeurjc/WorkSpace/ROS1/Distributed-AgroSIM/devel/lib/python3/dist-packages/patrolling_sim/__init__.py
Symlinking /home/jorgeurjc/WorkSpace/ROS1/Distributed-AgroSIM/devel/lib/python3/dist-packages/patrolling_sim/srv/_GoToStartPosSrv.py
Symlinking /home/jorgeurjc/WorkSpace/ROS1/Distributed-AgroSIM/devel/lib/python3/dist-packages/patrolling_sim/srv/__init__.py
Symlinking /home/jorgeurjc/WorkSpace/ROS1/Distributed-AgroSIM/devel/lib/python3/dist-packages/patrolling_sim/msg/_PosRot.py
Symlinking /home/jorgeurjc/WorkSpace/ROS1/Distributed-AgroSIM/devel/lib/python3/dist-packages/patrolling_sim/msg/_XCordenate.py
Symlinking /home/jorgeurjc/WorkSpace/ROS1/Distributed-AgroSIM/devel/lib/python3/dist-packages/patrolling_sim/msg/_UnityColor.py
Symlinking /home/jorgeurjc/WorkSpace/ROS1/Distributed-AgroSIM/devel/lib/python3/dist-packages/patrolling_sim/msg/__init__.py
Symlinking /home/jorgeurjc/WorkSpace/ROS1/Distributed-AgroSIM/devel/share/common-lisp/ros/patrolling_sim/srv/patrolling_sim-srv.asd
Symlinking /home/jorgeurjc/WorkSpace/ROS1/Distributed-AgroSIM/devel/share/common-lisp/ros/patrolling_sim/srv/_package_GoToStartPosSrv.lisp
Symlinking /home/jorgeurjc/WorkSpace/ROS1/Distributed-AgroSIM/devel/share/common-lisp/ros/patrolling_sim/srv/GoToStartPosSrv.lisp
Symlinking /home/jorgeurjc/WorkSpace/ROS1/Distributed-AgroSIM/devel/share/common-lisp/ros/patrolling_sim/srv/_package.lisp
Symlinking /home/jorgeurjc/WorkSpace/ROS1/Distributed-AgroSIM/devel/share/common-lisp/ros/patrolling_sim/msg/patrolling_sim-msg.asd
Symlinking /home/jorgeurjc/WorkSpace/ROS1/Distributed-AgroSIM/devel/share/common-lisp/ros/patrolling_sim/msg/_package_XCordenate.lisp
Symlinking /home/jorgeurjc/WorkSpace/ROS1/Distributed-AgroSIM/devel/share/common-lisp/ros/patrolling_sim/msg/XCordenate.lisp
Symlinking /home/jorgeurjc/WorkSpace/ROS1/Distributed-AgroSIM/devel/share/common-lisp/ros/patrolling_sim/msg/_package_UnityColor.lisp
Symlinking /home/jorgeurjc/WorkSpace/ROS1/Distributed-AgroSIM/devel/share/common-lisp/ros/patrolling_sim/msg/UnityColor.lisp
Symlinking /home/jorgeurjc/WorkSpace/ROS1/Distributed-AgroSIM/devel/share/common-lisp/ros/patrolling_sim/msg/_package.lisp
Symlinking /home/jorgeurjc/WorkSpace/ROS1/Distributed-AgroSIM/devel/share/common-lisp/ros/patrolling_sim/msg/_package_PosRot.lisp
Symlinking /home/jorgeurjc/WorkSpace/ROS1/Distributed-AgroSIM/devel/share/common-lisp/ros/patrolling_sim/msg/PosRot.lisp
Symlinking /home/jorgeurjc/WorkSpace/ROS1/Distributed-AgroSIM/devel/share/patrolling_sim/cmake/patrolling_simConfig-version.cmake
Symlinking /home/jorgeurjc/WorkSpace/ROS1/Distributed-AgroSIM/devel/share/patrolling_sim/cmake/patrolling_simConfig.cmake
Symlinking /home/jorgeurjc/WorkSpace/ROS1/Distributed-AgroSIM/devel/share/patrolling_sim/cmake/patrolling_sim-msg-paths.cmake
Symlinking /home/jorgeurjc/WorkSpace/ROS1/Distributed-AgroSIM/devel/share/patrolling_sim/cmake/patrolling_sim-msg-extras.cmake
Symlinking /home/jorgeurjc/WorkSpace/ROS1/Distributed-AgroSIM/devel/share/roseus/ros/patrolling_sim/manifest.l
Symlinking /home/jorgeurjc/WorkSpace/ROS1/Distributed-AgroSIM/devel/share/roseus/ros/patrolling_sim/srv/GoToStartPosSrv.l
Symlinking /home/jorgeurjc/WorkSpace/ROS1/Distributed-AgroSIM/devel/share/roseus/ros/patrolling_sim/msg/XCordenate.l
Symlinking /home/jorgeurjc/WorkSpace/ROS1/Distributed-AgroSIM/devel/share/roseus/ros/patrolling_sim/msg/PosRot.l
Symlinking /home/jorgeurjc/WorkSpace/ROS1/Distributed-AgroSIM/devel/share/roseus/ros/patrolling_sim/msg/UnityColor.l
Symlinking /home/jorgeurjc/WorkSpace/ROS1/Distributed-AgroSIM/devel/share/gennodejs/ros/patrolling_sim/_index.js
Symlinking /home/jorgeurjc/WorkSpace/ROS1/Distributed-AgroSIM/devel/share/gennodejs/ros/patrolling_sim/srv/GoToStartPosSrv.js
Symlinking /home/jorgeurjc/WorkSpace/ROS1/Distributed-AgroSIM/devel/share/gennodejs/ros/patrolling_sim/srv/_index.js
Symlinking /home/jorgeurjc/WorkSpace/ROS1/Distributed-AgroSIM/devel/share/gennodejs/ros/patrolling_sim/msg/XCordenate.js
Symlinking /home/jorgeurjc/WorkSpace/ROS1/Distributed-AgroSIM/devel/share/gennodejs/ros/patrolling_sim/msg/_index.js
Symlinking /home/jorgeurjc/WorkSpace/ROS1/Distributed-AgroSIM/devel/share/gennodejs/ros/patrolling_sim/msg/PosRot.js
Symlinking /home/jorgeurjc/WorkSpace/ROS1/Distributed-AgroSIM/devel/share/gennodejs/ros/patrolling_sim/msg/UnityColor.js
