[35m[1mScanning dependencies of target _agrosim_generate_messages_check_deps_Cost[0m
[  0%] Built target std_msgs_generate_messages_py
[  0%] Built target _agrosim_generate_messages_check_deps_distributed
[  0%] Built target std_msgs_generate_messages_cpp
[  0%] Built target std_msgs_generate_messages_lisp
[  0%] Built target _agrosim_generate_messages_check_deps_Cost
[  0%] Built target std_msgs_generate_messages_eus
[  0%] Built target _agrosim_generate_messages_check_deps_neighbour
[  0%] Built target std_msgs_generate_messages_nodejs
[  0%] Built target _agrosim_generate_messages_check_deps_centralised
[  0%] Built target _agrosim_generate_messages_check_deps_descentralised
[  3%] [34m[1mGenerating Python from MSG agrosim/descentralised[0m
[  7%] [34m[1mGenerating Python from MSG agrosim/distributed[0m
[ 10%] [34m[1mGenerating Lisp code from agrosim/descentralised.msg[0m
[ 14%] [34m[1mGenerating Lisp code from agrosim/distributed.msg[0m
[ 17%] [34m[1mGenerating Python code from SRV agrosim/Cost[0m
[ 21%] [34m[1mGenerating Lisp code from agrosim/Cost.srv[0m
[ 25%] [34m[1mGenerating C++ code from agrosim/descentralised.msg[0m
[ 28%] [34m[1mGenerating C++ code from agrosim/distributed.msg[0m
[ 32%] [34m[1mGenerating C++ code from agrosim/Cost.srv[0m
[ 35%] [34m[1mGenerating EusLisp code from agrosim/descentralised.msg[0m
[ 39%] [34m[1mGenerating Javascript code from agrosim/descentralised.msg[0m
[ 46%] Built target agrosim_generate_messages_lisp
[ 50%] [34m[1mGenerating Javascript code from agrosim/distributed.msg[0m
[ 53%] [34m[1mGenerating EusLisp code from agrosim/distributed.msg[0m
[ 57%] [34m[1mGenerating Javascript code from agrosim/Cost.srv[0m
[ 60%] [34m[1mGenerating EusLisp code from agrosim/Cost.srv[0m
[ 64%] [34m[1mGenerating Python srv __init__.py for agrosim[0m
[ 67%] [34m[1mGenerating Python msg __init__.py for agrosim[0m
[ 75%] Built target agrosim_generate_messages_nodejs
[ 85%] Built target agrosim_generate_messages_eus
[ 92%] Built target agrosim_generate_messages_cpp
[100%] Built target agrosim_generate_messages_py
[100%] Built target agrosim_generate_messages
