[31m[1mCMake Error[0m at /home/jorgeurjc/WorkSpace/ROS1/Distributed-AgroSIM/build/agrosim/cmake/agrosim-genmsg.cmake:79 (add_custom_target):
  add_custom_target cannot create target "agrosim_generate_messages_cpp"
  because another target with the same name already exists.  The existing
  target is a custom target created in source directory
  "/home/jorgeurjc/WorkSpace/ROS1/Distributed-AgroSIM/src/agrosim".  See
  documentation for policy CMP0002 for more details.
[36mCall Stack (most recent call first):[0m
  /opt/ros/noetic/share/genmsg/cmake/genmsg-extras.cmake:307 (include)
  CMakeLists.txt:72 (generate_messages)


[31m[1mCMake Error[0m at /home/jorgeurjc/WorkSpace/ROS1/Distributed-AgroSIM/build/agrosim/cmake/agrosim-genmsg.cmake:136 (add_custom_target):
  add_custom_target cannot create target "agrosim_generate_messages_eus"
  because another target with the same name already exists.  The existing
  target is a custom target created in source directory
  "/home/jorgeurjc/WorkSpace/ROS1/Distributed-AgroSIM/src/agrosim".  See
  documentation for policy CMP0002 for more details.
[36mCall Stack (most recent call first):[0m
  /opt/ros/noetic/share/genmsg/cmake/genmsg-extras.cmake:307 (include)
  CMakeLists.txt:72 (generate_messages)


[31m[1mCMake Error[0m at /home/jorgeurjc/WorkSpace/ROS1/Distributed-AgroSIM/build/agrosim/cmake/agrosim-genmsg.cmake:193 (add_custom_target):
  add_custom_target cannot create target "agrosim_generate_messages_lisp"
  because another target with the same name already exists.  The existing
  target is a custom target created in source directory
  "/home/jorgeurjc/WorkSpace/ROS1/Distributed-AgroSIM/src/agrosim".  See
  documentation for policy CMP0002 for more details.
[36mCall Stack (most recent call first):[0m
  /opt/ros/noetic/share/genmsg/cmake/genmsg-extras.cmake:307 (include)
  CMakeLists.txt:72 (generate_messages)


[31m[1mCMake Error[0m at /home/jorgeurjc/WorkSpace/ROS1/Distributed-AgroSIM/build/agrosim/cmake/agrosim-genmsg.cmake:250 (add_custom_target):
  add_custom_target cannot create target "agrosim_generate_messages_nodejs"
  because another target with the same name already exists.  The existing
  target is a custom target created in source directory
  "/home/jorgeurjc/WorkSpace/ROS1/Distributed-AgroSIM/src/agrosim".  See
  documentation for policy CMP0002 for more details.
[36mCall Stack (most recent call first):[0m
  /opt/ros/noetic/share/genmsg/cmake/genmsg-extras.cmake:307 (include)
  CMakeLists.txt:72 (generate_messages)


[31m[1mCMake Error[0m at /home/jorgeurjc/WorkSpace/ROS1/Distributed-AgroSIM/build/agrosim/cmake/agrosim-genmsg.cmake:307 (add_custom_target):
  add_custom_target cannot create target "agrosim_generate_messages_py"
  because another target with the same name already exists.  The existing
  target is a custom target created in source directory
  "/home/jorgeurjc/WorkSpace/ROS1/Distributed-AgroSIM/src/agrosim".  See
  documentation for policy CMP0002 for more details.
[36mCall Stack (most recent call first):[0m
  /opt/ros/noetic/share/genmsg/cmake/genmsg-extras.cmake:307 (include)
  CMakeLists.txt:72 (generate_messages)


make: *** [Makefile:614: cmake_check_build_system] Error 1
