[  0%] Built target std_msgs_generate_messages_py
[  0%] Built target _agrosim_generate_messages_check_deps_distributed
[  0%] Built target _agrosim_generate_messages_check_deps_neighbour
[  0%] Built target _agrosim_generate_messages_check_deps_centralised
[  0%] Built target _agrosim_generate_messages_check_deps_descentralised
[  0%] Built target std_msgs_generate_messages_cpp
[  0%] Built target std_msgs_generate_messages_lisp
[  0%] Built target std_msgs_generate_messages_eus
[  4%] [34m[1mGenerating Python from MSG agrosim/neighbour[0m
[  0%] Built target std_msgs_generate_messages_nodejs
[ 13%] [34m[1mGenerating Lisp code from agrosim/neighbour.msg[0m
[ 13%] [34m[1mGenerating C++ code from agrosim/neighbour.msg[0m
[ 18%] [34m[1mGenerating Lisp code from agrosim/descentralised.msg[0m
[ 22%] [34m[1mGenerating EusLisp code from agrosim/neighbour.msg[0m
[ 27%] [34m[1mGenerating Python from MSG agrosim/descentralised[0m
[ 36%] Built target agrosim_generate_messages_lisp
[ 40%] [34m[1mGenerating C++ code from agrosim/descentralised.msg[0m
[ 45%] [34m[1mGenerating Javascript code from agrosim/neighbour.msg[0m
[ 50%] [34m[1mGenerating Javascript code from agrosim/descentralised.msg[0m
[ 54%] [34m[1mGenerating EusLisp code from agrosim/descentralised.msg[0m
[ 63%] Built target agrosim_generate_messages_nodejs
[ 72%] Built target agrosim_generate_messages_cpp
[ 77%] [34m[1mGenerating Python msg __init__.py for agrosim[0m
[ 90%] Built target agrosim_generate_messages_eus
[100%] Built target agrosim_generate_messages_py
[100%] Built target agrosim_generate_messages
