Linked: (/home/jorgeurjc/WorkSpace/ROS1/Distributed-AgroSIM/devel/.private/agrosim/include/agrosim/decentralised.h, /home/jorgeurjc/WorkSpace/ROS1/Distributed-AgroSIM/devel/include/agrosim/decentralised.h)
Linked: (/home/jorgeurjc/WorkSpace/ROS1/Distributed-AgroSIM/devel/.private/agrosim/include/agrosim/neighbour.h, /home/jorgeurjc/WorkSpace/ROS1/Distributed-AgroSIM/devel/include/agrosim/neighbour.h)
Linked: (/home/jorgeurjc/WorkSpace/ROS1/Distributed-AgroSIM/devel/.private/agrosim/include/agrosim/centralised.h, /home/jorgeurjc/WorkSpace/ROS1/Distributed-AgroSIM/devel/include/agrosim/centralised.h)
Linked: (/home/jorgeurjc/WorkSpace/ROS1/Distributed-AgroSIM/devel/.private/agrosim/include/agrosim/descentralised.h, /home/jorgeurjc/WorkSpace/ROS1/Distributed-AgroSIM/devel/include/agrosim/descentralised.h)
Linked: (/home/jorgeurjc/WorkSpace/ROS1/Distributed-AgroSIM/devel/.private/agrosim/include/agrosim/distributed.h, /home/jorgeurjc/WorkSpace/ROS1/Distributed-AgroSIM/devel/include/agrosim/distributed.h)
Linked: (/home/jorgeurjc/WorkSpace/ROS1/Distributed-AgroSIM/devel/.private/agrosim/lib/pkgconfig/agrosim.pc, /home/jorgeurjc/WorkSpace/ROS1/Distributed-AgroSIM/devel/lib/pkgconfig/agrosim.pc)
Linked: (/home/jorgeurjc/WorkSpace/ROS1/Distributed-AgroSIM/devel/.private/agrosim/lib/python3/dist-packages/agrosim/__init__.py, /home/jorgeurjc/WorkSpace/ROS1/Distributed-AgroSIM/devel/lib/python3/dist-packages/agrosim/__init__.py)
Linked: (/home/jorgeurjc/WorkSpace/ROS1/Distributed-AgroSIM/devel/.private/agrosim/lib/python3/dist-packages/agrosim/msg/_distributed.py, /home/jorgeurjc/WorkSpace/ROS1/Distributed-AgroSIM/devel/lib/python3/dist-packages/agrosim/msg/_distributed.py)
Linked: (/home/jorgeurjc/WorkSpace/ROS1/Distributed-AgroSIM/devel/.private/agrosim/lib/python3/dist-packages/agrosim/msg/_descentralised.py, /home/jorgeurjc/WorkSpace/ROS1/Distributed-AgroSIM/devel/lib/python3/dist-packages/agrosim/msg/_descentralised.py)
Linked: (/home/jorgeurjc/WorkSpace/ROS1/Distributed-AgroSIM/devel/.private/agrosim/lib/python3/dist-packages/agrosim/msg/_decentralised.py, /home/jorgeurjc/WorkSpace/ROS1/Distributed-AgroSIM/devel/lib/python3/dist-packages/agrosim/msg/_decentralised.py)
Linked: (/home/jorgeurjc/WorkSpace/ROS1/Distributed-AgroSIM/devel/.private/agrosim/lib/python3/dist-packages/agrosim/msg/_neighbour.py, /home/jorgeurjc/WorkSpace/ROS1/Distributed-AgroSIM/devel/lib/python3/dist-packages/agrosim/msg/_neighbour.py)
Linked: (/home/jorgeurjc/WorkSpace/ROS1/Distributed-AgroSIM/devel/.private/agrosim/lib/python3/dist-packages/agrosim/msg/_centralised.py, /home/jorgeurjc/WorkSpace/ROS1/Distributed-AgroSIM/devel/lib/python3/dist-packages/agrosim/msg/_centralised.py)
Linked: (/home/jorgeurjc/WorkSpace/ROS1/Distributed-AgroSIM/devel/.private/agrosim/lib/python3/dist-packages/agrosim/msg/__init__.py, /home/jorgeurjc/WorkSpace/ROS1/Distributed-AgroSIM/devel/lib/python3/dist-packages/agrosim/msg/__init__.py)
Linked: (/home/jorgeurjc/WorkSpace/ROS1/Distributed-AgroSIM/devel/.private/agrosim/share/common-lisp/ros/agrosim/msg/_package_distributed.lisp, /home/jorgeurjc/WorkSpace/ROS1/Distributed-AgroSIM/devel/share/common-lisp/ros/agrosim/msg/_package_distributed.lisp)
Linked: (/home/jorgeurjc/WorkSpace/ROS1/Distributed-AgroSIM/devel/.private/agrosim/share/common-lisp/ros/agrosim/msg/agrosim-msg.asd, /home/jorgeurjc/WorkSpace/ROS1/Distributed-AgroSIM/devel/share/common-lisp/ros/agrosim/msg/agrosim-msg.asd)
Linked: (/home/jorgeurjc/WorkSpace/ROS1/Distributed-AgroSIM/devel/.private/agrosim/share/common-lisp/ros/agrosim/msg/decentralised.lisp, /home/jorgeurjc/WorkSpace/ROS1/Distributed-AgroSIM/devel/share/common-lisp/ros/agrosim/msg/decentralised.lisp)
Linked: (/home/jorgeurjc/WorkSpace/ROS1/Distributed-AgroSIM/devel/.private/agrosim/share/common-lisp/ros/agrosim/msg/_package_descentralised.lisp, /home/jorgeurjc/WorkSpace/ROS1/Distributed-AgroSIM/devel/share/common-lisp/ros/agrosim/msg/_package_descentralised.lisp)
Linked: (/home/jorgeurjc/WorkSpace/ROS1/Distributed-AgroSIM/devel/.private/agrosim/share/common-lisp/ros/agrosim/msg/_package_centralised.lisp, /home/jorgeurjc/WorkSpace/ROS1/Distributed-AgroSIM/devel/share/common-lisp/ros/agrosim/msg/_package_centralised.lisp)
Linked: (/home/jorgeurjc/WorkSpace/ROS1/Distributed-AgroSIM/devel/.private/agrosim/share/common-lisp/ros/agrosim/msg/_package.lisp, /home/jorgeurjc/WorkSpace/ROS1/Distributed-AgroSIM/devel/share/common-lisp/ros/agrosim/msg/_package.lisp)
Linked: (/home/jorgeurjc/WorkSpace/ROS1/Distributed-AgroSIM/devel/.private/agrosim/share/common-lisp/ros/agrosim/msg/distributed.lisp, /home/jorgeurjc/WorkSpace/ROS1/Distributed-AgroSIM/devel/share/common-lisp/ros/agrosim/msg/distributed.lisp)
Linked: (/home/jorgeurjc/WorkSpace/ROS1/Distributed-AgroSIM/devel/.private/agrosim/share/common-lisp/ros/agrosim/msg/descentralised.lisp, /home/jorgeurjc/WorkSpace/ROS1/Distributed-AgroSIM/devel/share/common-lisp/ros/agrosim/msg/descentralised.lisp)
Linked: (/home/jorgeurjc/WorkSpace/ROS1/Distributed-AgroSIM/devel/.private/agrosim/share/common-lisp/ros/agrosim/msg/centralised.lisp, /home/jorgeurjc/WorkSpace/ROS1/Distributed-AgroSIM/devel/share/common-lisp/ros/agrosim/msg/centralised.lisp)
Linked: (/home/jorgeurjc/WorkSpace/ROS1/Distributed-AgroSIM/devel/.private/agrosim/share/common-lisp/ros/agrosim/msg/neighbour.lisp, /home/jorgeurjc/WorkSpace/ROS1/Distributed-AgroSIM/devel/share/common-lisp/ros/agrosim/msg/neighbour.lisp)
Linked: (/home/jorgeurjc/WorkSpace/ROS1/Distributed-AgroSIM/devel/.private/agrosim/share/common-lisp/ros/agrosim/msg/_package_decentralised.lisp, /home/jorgeurjc/WorkSpace/ROS1/Distributed-AgroSIM/devel/share/common-lisp/ros/agrosim/msg/_package_decentralised.lisp)
Linked: (/home/jorgeurjc/WorkSpace/ROS1/Distributed-AgroSIM/devel/.private/agrosim/share/common-lisp/ros/agrosim/msg/_package_neighbour.lisp, /home/jorgeurjc/WorkSpace/ROS1/Distributed-AgroSIM/devel/share/common-lisp/ros/agrosim/msg/_package_neighbour.lisp)
Linked: (/home/jorgeurjc/WorkSpace/ROS1/Distributed-AgroSIM/devel/.private/agrosim/share/agrosim/cmake/agrosimConfig.cmake, /home/jorgeurjc/WorkSpace/ROS1/Distributed-AgroSIM/devel/share/agrosim/cmake/agrosimConfig.cmake)
Linked: (/home/jorgeurjc/WorkSpace/ROS1/Distributed-AgroSIM/devel/.private/agrosim/share/agrosim/cmake/agrosimConfig-version.cmake, /home/jorgeurjc/WorkSpace/ROS1/Distributed-AgroSIM/devel/share/agrosim/cmake/agrosimConfig-version.cmake)
Linked: (/home/jorgeurjc/WorkSpace/ROS1/Distributed-AgroSIM/devel/.private/agrosim/share/agrosim/cmake/agrosim-msg-paths.cmake, /home/jorgeurjc/WorkSpace/ROS1/Distributed-AgroSIM/devel/share/agrosim/cmake/agrosim-msg-paths.cmake)
Linked: (/home/jorgeurjc/WorkSpace/ROS1/Distributed-AgroSIM/devel/.private/agrosim/share/agrosim/cmake/agrosim-msg-extras.cmake, /home/jorgeurjc/WorkSpace/ROS1/Distributed-AgroSIM/devel/share/agrosim/cmake/agrosim-msg-extras.cmake)
Linked: (/home/jorgeurjc/WorkSpace/ROS1/Distributed-AgroSIM/devel/.private/agrosim/share/roseus/ros/agrosim/manifest.l, /home/jorgeurjc/WorkSpace/ROS1/Distributed-AgroSIM/devel/share/roseus/ros/agrosim/manifest.l)
Linked: (/home/jorgeurjc/WorkSpace/ROS1/Distributed-AgroSIM/devel/.private/agrosim/share/roseus/ros/agrosim/msg/decentralised.l, /home/jorgeurjc/WorkSpace/ROS1/Distributed-AgroSIM/devel/share/roseus/ros/agrosim/msg/decentralised.l)
Linked: (/home/jorgeurjc/WorkSpace/ROS1/Distributed-AgroSIM/devel/.private/agrosim/share/roseus/ros/agrosim/msg/distributed.l, /home/jorgeurjc/WorkSpace/ROS1/Distributed-AgroSIM/devel/share/roseus/ros/agrosim/msg/distributed.l)
Linked: (/home/jorgeurjc/WorkSpace/ROS1/Distributed-AgroSIM/devel/.private/agrosim/share/roseus/ros/agrosim/msg/centralised.l, /home/jorgeurjc/WorkSpace/ROS1/Distributed-AgroSIM/devel/share/roseus/ros/agrosim/msg/centralised.l)
Linked: (/home/jorgeurjc/WorkSpace/ROS1/Distributed-AgroSIM/devel/.private/agrosim/share/roseus/ros/agrosim/msg/neighbour.l, /home/jorgeurjc/WorkSpace/ROS1/Distributed-AgroSIM/devel/share/roseus/ros/agrosim/msg/neighbour.l)
Linked: (/home/jorgeurjc/WorkSpace/ROS1/Distributed-AgroSIM/devel/.private/agrosim/share/roseus/ros/agrosim/msg/descentralised.l, /home/jorgeurjc/WorkSpace/ROS1/Distributed-AgroSIM/devel/share/roseus/ros/agrosim/msg/descentralised.l)
Linked: (/home/jorgeurjc/WorkSpace/ROS1/Distributed-AgroSIM/devel/.private/agrosim/share/gennodejs/ros/agrosim/_index.js, /home/jorgeurjc/WorkSpace/ROS1/Distributed-AgroSIM/devel/share/gennodejs/ros/agrosim/_index.js)
Linked: (/home/jorgeurjc/WorkSpace/ROS1/Distributed-AgroSIM/devel/.private/agrosim/share/gennodejs/ros/agrosim/msg/neighbour.js, /home/jorgeurjc/WorkSpace/ROS1/Distributed-AgroSIM/devel/share/gennodejs/ros/agrosim/msg/neighbour.js)
Linked: (/home/jorgeurjc/WorkSpace/ROS1/Distributed-AgroSIM/devel/.private/agrosim/share/gennodejs/ros/agrosim/msg/descentralised.js, /home/jorgeurjc/WorkSpace/ROS1/Distributed-AgroSIM/devel/share/gennodejs/ros/agrosim/msg/descentralised.js)
Linked: (/home/jorgeurjc/WorkSpace/ROS1/Distributed-AgroSIM/devel/.private/agrosim/share/gennodejs/ros/agrosim/msg/centralised.js, /home/jorgeurjc/WorkSpace/ROS1/Distributed-AgroSIM/devel/share/gennodejs/ros/agrosim/msg/centralised.js)
Linked: (/home/jorgeurjc/WorkSpace/ROS1/Distributed-AgroSIM/devel/.private/agrosim/share/gennodejs/ros/agrosim/msg/_index.js, /home/jorgeurjc/WorkSpace/ROS1/Distributed-AgroSIM/devel/share/gennodejs/ros/agrosim/msg/_index.js)
Linked: (/home/jorgeurjc/WorkSpace/ROS1/Distributed-AgroSIM/devel/.private/agrosim/share/gennodejs/ros/agrosim/msg/decentralised.js, /home/jorgeurjc/WorkSpace/ROS1/Distributed-AgroSIM/devel/share/gennodejs/ros/agrosim/msg/decentralised.js)
Linked: (/home/jorgeurjc/WorkSpace/ROS1/Distributed-AgroSIM/devel/.private/agrosim/share/gennodejs/ros/agrosim/msg/distributed.js, /home/jorgeurjc/WorkSpace/ROS1/Distributed-AgroSIM/devel/share/gennodejs/ros/agrosim/msg/distributed.js)
