[35m[1mScanning dependencies of target _agrosim_generate_messages_check_deps_Decision[0m
[  0%] Built target std_msgs_generate_messages_py
[  0%] Built target _agrosim_generate_messages_check_deps_Decision
[  0%] Built target _agrosim_generate_messages_check_deps_Cost
[  0%] Built target _agrosim_generate_messages_check_deps_neighbour
[  0%] Built target std_msgs_generate_messages_lisp
[  0%] Built target std_msgs_generate_messages_cpp
[  0%] Built target std_msgs_generate_messages_eus
[  0%] Built target _agrosim_generate_messages_check_deps_centralised
[  0%] Built target std_msgs_generate_messages_nodejs
[  0%] Built target _agrosim_generate_messages_check_deps_descentralised
[  0%] Built target _agrosim_generate_messages_check_deps_distributed
[  3%] [34m[1mGenerating Python code from SRV agrosim/Decision[0m
[  6%] [34m[1mGenerating Lisp code from agrosim/Decision.srv[0m
[  9%] [34m[1mGenerating C++ code from agrosim/Decision.srv[0m
[ 12%] [34m[1mGenerating EusLisp code from agrosim/Decision.srv[0m
[ 15%] [34m[1mGenerating Javascript code from agrosim/Decision.srv[0m
[ 30%] Built target agrosim_generate_messages_lisp
[ 45%] Built target agrosim_generate_messages_nodejs
[ 63%] Built target agrosim_generate_messages_eus
[ 66%] [34m[1mGenerating Python srv __init__.py for agrosim[0m
[ 69%] [34m[1mGenerating Python msg __init__.py for agrosim[0m
[ 84%] Built target agrosim_generate_messages_cpp
[100%] Built target agrosim_generate_messages_py
[100%] Built target agrosim_generate_messages
