Linked: (/home/jorgeurjc/WorkSpace/ROS1/Distributed_AgroSIM/devel/.private/rviz_textured_quads/include/rviz_textured_quads/TexturedQuadArray.h, /home/jorgeurjc/WorkSpace/ROS1/Distributed_AgroSIM/devel/include/rviz_textured_quads/TexturedQuadArray.h)
Linked: (/home/jorgeurjc/WorkSpace/ROS1/Distributed_AgroSIM/devel/.private/rviz_textured_quads/include/rviz_textured_quads/TexturedQuad.h, /home/jorgeurjc/WorkSpace/ROS1/Distributed_AgroSIM/devel/include/rviz_textured_quads/TexturedQuad.h)
Linked: (/home/jorgeurjc/WorkSpace/ROS1/Distributed_AgroSIM/devel/.private/rviz_textured_quads/lib/librviz_textured_quads.so, /home/jorgeurjc/WorkSpace/ROS1/Distributed_AgroSIM/devel/lib/librviz_textured_quads.so)
Linked: (/home/jorgeurjc/WorkSpace/ROS1/Distributed_AgroSIM/devel/.private/rviz_textured_quads/lib/pkgconfig/rviz_textured_quads.pc, /home/jorgeurjc/WorkSpace/ROS1/Distributed_AgroSIM/devel/lib/pkgconfig/rviz_textured_quads.pc)
Linked: (/home/jorgeurjc/WorkSpace/ROS1/Distributed_AgroSIM/devel/.private/rviz_textured_quads/lib/python3/dist-packages/rviz_textured_quads/__init__.py, /home/jorgeurjc/WorkSpace/ROS1/Distributed_AgroSIM/devel/lib/python3/dist-packages/rviz_textured_quads/__init__.py)
Linked: (/home/jorgeurjc/WorkSpace/ROS1/Distributed_AgroSIM/devel/.private/rviz_textured_quads/lib/python3/dist-packages/rviz_textured_quads/msg/_TexturedQuad.py, /home/jorgeurjc/WorkSpace/ROS1/Distributed_AgroSIM/devel/lib/python3/dist-packages/rviz_textured_quads/msg/_TexturedQuad.py)
Linked: (/home/jorgeurjc/WorkSpace/ROS1/Distributed_AgroSIM/devel/.private/rviz_textured_quads/lib/python3/dist-packages/rviz_textured_quads/msg/_TexturedQuadArray.py, /home/jorgeurjc/WorkSpace/ROS1/Distributed_AgroSIM/devel/lib/python3/dist-packages/rviz_textured_quads/msg/_TexturedQuadArray.py)
Linked: (/home/jorgeurjc/WorkSpace/ROS1/Distributed_AgroSIM/devel/.private/rviz_textured_quads/lib/python3/dist-packages/rviz_textured_quads/msg/__init__.py, /home/jorgeurjc/WorkSpace/ROS1/Distributed_AgroSIM/devel/lib/python3/dist-packages/rviz_textured_quads/msg/__init__.py)
Linked: (/home/jorgeurjc/WorkSpace/ROS1/Distributed_AgroSIM/devel/.private/rviz_textured_quads/share/common-lisp/ros/rviz_textured_quads/msg/rviz_textured_quads-msg.asd, /home/jorgeurjc/WorkSpace/ROS1/Distributed_AgroSIM/devel/share/common-lisp/ros/rviz_textured_quads/msg/rviz_textured_quads-msg.asd)
Linked: (/home/jorgeurjc/WorkSpace/ROS1/Distributed_AgroSIM/devel/.private/rviz_textured_quads/share/common-lisp/ros/rviz_textured_quads/msg/_package.lisp, /home/jorgeurjc/WorkSpace/ROS1/Distributed_AgroSIM/devel/share/common-lisp/ros/rviz_textured_quads/msg/_package.lisp)
Linked: (/home/jorgeurjc/WorkSpace/ROS1/Distributed_AgroSIM/devel/.private/rviz_textured_quads/share/common-lisp/ros/rviz_textured_quads/msg/_package_TexturedQuadArray.lisp, /home/jorgeurjc/WorkSpace/ROS1/Distributed_AgroSIM/devel/share/common-lisp/ros/rviz_textured_quads/msg/_package_TexturedQuadArray.lisp)
Linked: (/home/jorgeurjc/WorkSpace/ROS1/Distributed_AgroSIM/devel/.private/rviz_textured_quads/share/common-lisp/ros/rviz_textured_quads/msg/TexturedQuadArray.lisp, /home/jorgeurjc/WorkSpace/ROS1/Distributed_AgroSIM/devel/share/common-lisp/ros/rviz_textured_quads/msg/TexturedQuadArray.lisp)
Linked: (/home/jorgeurjc/WorkSpace/ROS1/Distributed_AgroSIM/devel/.private/rviz_textured_quads/share/common-lisp/ros/rviz_textured_quads/msg/TexturedQuad.lisp, /home/jorgeurjc/WorkSpace/ROS1/Distributed_AgroSIM/devel/share/common-lisp/ros/rviz_textured_quads/msg/TexturedQuad.lisp)
Linked: (/home/jorgeurjc/WorkSpace/ROS1/Distributed_AgroSIM/devel/.private/rviz_textured_quads/share/common-lisp/ros/rviz_textured_quads/msg/_package_TexturedQuad.lisp, /home/jorgeurjc/WorkSpace/ROS1/Distributed_AgroSIM/devel/share/common-lisp/ros/rviz_textured_quads/msg/_package_TexturedQuad.lisp)
Linked: (/home/jorgeurjc/WorkSpace/ROS1/Distributed_AgroSIM/devel/.private/rviz_textured_quads/share/roseus/ros/rviz_textured_quads/manifest.l, /home/jorgeurjc/WorkSpace/ROS1/Distributed_AgroSIM/devel/share/roseus/ros/rviz_textured_quads/manifest.l)
Linked: (/home/jorgeurjc/WorkSpace/ROS1/Distributed_AgroSIM/devel/.private/rviz_textured_quads/share/roseus/ros/rviz_textured_quads/msg/TexturedQuad.l, /home/jorgeurjc/WorkSpace/ROS1/Distributed_AgroSIM/devel/share/roseus/ros/rviz_textured_quads/msg/TexturedQuad.l)
Linked: (/home/jorgeurjc/WorkSpace/ROS1/Distributed_AgroSIM/devel/.private/rviz_textured_quads/share/roseus/ros/rviz_textured_quads/msg/TexturedQuadArray.l, /home/jorgeurjc/WorkSpace/ROS1/Distributed_AgroSIM/devel/share/roseus/ros/rviz_textured_quads/msg/TexturedQuadArray.l)
Linked: (/home/jorgeurjc/WorkSpace/ROS1/Distributed_AgroSIM/devel/.private/rviz_textured_quads/share/rviz_textured_quads/cmake/rviz_textured_quadsConfig.cmake, /home/jorgeurjc/WorkSpace/ROS1/Distributed_AgroSIM/devel/share/rviz_textured_quads/cmake/rviz_textured_quadsConfig.cmake)
Linked: (/home/jorgeurjc/WorkSpace/ROS1/Distributed_AgroSIM/devel/.private/rviz_textured_quads/share/rviz_textured_quads/cmake/rviz_textured_quads-msg-extras.cmake, /home/jorgeurjc/WorkSpace/ROS1/Distributed_AgroSIM/devel/share/rviz_textured_quads/cmake/rviz_textured_quads-msg-extras.cmake)
Linked: (/home/jorgeurjc/WorkSpace/ROS1/Distributed_AgroSIM/devel/.private/rviz_textured_quads/share/rviz_textured_quads/cmake/rviz_textured_quadsConfig-version.cmake, /home/jorgeurjc/WorkSpace/ROS1/Distributed_AgroSIM/devel/share/rviz_textured_quads/cmake/rviz_textured_quadsConfig-version.cmake)
Linked: (/home/jorgeurjc/WorkSpace/ROS1/Distributed_AgroSIM/devel/.private/rviz_textured_quads/share/rviz_textured_quads/cmake/rviz_textured_quads-msg-paths.cmake, /home/jorgeurjc/WorkSpace/ROS1/Distributed_AgroSIM/devel/share/rviz_textured_quads/cmake/rviz_textured_quads-msg-paths.cmake)
Linked: (/home/jorgeurjc/WorkSpace/ROS1/Distributed_AgroSIM/devel/.private/rviz_textured_quads/share/gennodejs/ros/rviz_textured_quads/_index.js, /home/jorgeurjc/WorkSpace/ROS1/Distributed_AgroSIM/devel/share/gennodejs/ros/rviz_textured_quads/_index.js)
Linked: (/home/jorgeurjc/WorkSpace/ROS1/Distributed_AgroSIM/devel/.private/rviz_textured_quads/share/gennodejs/ros/rviz_textured_quads/msg/TexturedQuad.js, /home/jorgeurjc/WorkSpace/ROS1/Distributed_AgroSIM/devel/share/gennodejs/ros/rviz_textured_quads/msg/TexturedQuad.js)
Linked: (/home/jorgeurjc/WorkSpace/ROS1/Distributed_AgroSIM/devel/.private/rviz_textured_quads/share/gennodejs/ros/rviz_textured_quads/msg/TexturedQuadArray.js, /home/jorgeurjc/WorkSpace/ROS1/Distributed_AgroSIM/devel/share/gennodejs/ros/rviz_textured_quads/msg/TexturedQuadArray.js)
Linked: (/home/jorgeurjc/WorkSpace/ROS1/Distributed_AgroSIM/devel/.private/rviz_textured_quads/share/gennodejs/ros/rviz_textured_quads/msg/_index.js, /home/jorgeurjc/WorkSpace/ROS1/Distributed_AgroSIM/devel/share/gennodejs/ros/rviz_textured_quads/msg/_index.js)
