Symlinking /home/jorgeurjc/WorkSpace/ROS1/Distributed_AgroSIM/devel/include/rviz_textured_quads/TexturedQuadArray.h
Symlinking /home/jorgeurjc/WorkSpace/ROS1/Distributed_AgroSIM/devel/include/rviz_textured_quads/TexturedQuad.h
Symlinking /home/jorgeurjc/WorkSpace/ROS1/Distributed_AgroSIM/devel/lib/librviz_textured_quads.so
Symlinking /home/jorgeurjc/WorkSpace/ROS1/Distributed_AgroSIM/devel/lib/pkgconfig/rviz_textured_quads.pc
Symlinking /home/jorgeurjc/WorkSpace/ROS1/Distributed_AgroSIM/devel/lib/python3/dist-packages/rviz_textured_quads/__init__.py
Symlinking /home/jorgeurjc/WorkSpace/ROS1/Distributed_AgroSIM/devel/lib/python3/dist-packages/rviz_textured_quads/msg/_TexturedQuad.py
Symlinking /home/jorgeurjc/WorkSpace/ROS1/Distributed_AgroSIM/devel/lib/python3/dist-packages/rviz_textured_quads/msg/_TexturedQuadArray.py
Symlinking /home/jorgeurjc/WorkSpace/ROS1/Distributed_AgroSIM/devel/lib/python3/dist-packages/rviz_textured_quads/msg/__init__.py
Symlinking /home/jorgeurjc/WorkSpace/ROS1/Distributed_AgroSIM/devel/share/common-lisp/ros/rviz_textured_quads/msg/rviz_textured_quads-msg.asd
Symlinking /home/jorgeurjc/WorkSpace/ROS1/Distributed_AgroSIM/devel/share/common-lisp/ros/rviz_textured_quads/msg/_package.lisp
Symlinking /home/jorgeurjc/WorkSpace/ROS1/Distributed_AgroSIM/devel/share/common-lisp/ros/rviz_textured_quads/msg/_package_TexturedQuadArray.lisp
Symlinking /home/jorgeurjc/WorkSpace/ROS1/Distributed_AgroSIM/devel/share/common-lisp/ros/rviz_textured_quads/msg/TexturedQuadArray.lisp
Symlinking /home/jorgeurjc/WorkSpace/ROS1/Distributed_AgroSIM/devel/share/common-lisp/ros/rviz_textured_quads/msg/TexturedQuad.lisp
Symlinking /home/jorgeurjc/WorkSpace/ROS1/Distributed_AgroSIM/devel/share/common-lisp/ros/rviz_textured_quads/msg/_package_TexturedQuad.lisp
Symlinking /home/jorgeurjc/WorkSpace/ROS1/Distributed_AgroSIM/devel/share/roseus/ros/rviz_textured_quads/manifest.l
Symlinking /home/jorgeurjc/WorkSpace/ROS1/Distributed_AgroSIM/devel/share/roseus/ros/rviz_textured_quads/msg/TexturedQuad.l
Symlinking /home/jorgeurjc/WorkSpace/ROS1/Distributed_AgroSIM/devel/share/roseus/ros/rviz_textured_quads/msg/TexturedQuadArray.l
Symlinking /home/jorgeurjc/WorkSpace/ROS1/Distributed_AgroSIM/devel/share/rviz_textured_quads/cmake/rviz_textured_quadsConfig.cmake
Symlinking /home/jorgeurjc/WorkSpace/ROS1/Distributed_AgroSIM/devel/share/rviz_textured_quads/cmake/rviz_textured_quads-msg-extras.cmake
Symlinking /home/jorgeurjc/WorkSpace/ROS1/Distributed_AgroSIM/devel/share/rviz_textured_quads/cmake/rviz_textured_quadsConfig-version.cmake
Symlinking /home/jorgeurjc/WorkSpace/ROS1/Distributed_AgroSIM/devel/share/rviz_textured_quads/cmake/rviz_textured_quads-msg-paths.cmake
Symlinking /home/jorgeurjc/WorkSpace/ROS1/Distributed_AgroSIM/devel/share/gennodejs/ros/rviz_textured_quads/_index.js
Symlinking /home/jorgeurjc/WorkSpace/ROS1/Distributed_AgroSIM/devel/share/gennodejs/ros/rviz_textured_quads/msg/TexturedQuad.js
Symlinking /home/jorgeurjc/WorkSpace/ROS1/Distributed_AgroSIM/devel/share/gennodejs/ros/rviz_textured_quads/msg/TexturedQuadArray.js
Symlinking /home/jorgeurjc/WorkSpace/ROS1/Distributed_AgroSIM/devel/share/gennodejs/ros/rviz_textured_quads/msg/_index.js
