[  0%] Built target _robotnik_msgs_generate_messages_check_deps_SetTransform
[  0%] Built target _robotnik_msgs_generate_messages_check_deps_RecordStatus
[  0%] Built target _robotnik_msgs_generate_messages_check_deps_named_input_output
[  0%] Built target _robotnik_msgs_generate_messages_check_deps_MotorReferenceValue
[  0%] Built target _robotnik_msgs_generate_messages_check_deps_GetPTZ
[  0%] Built target _robotnik_msgs_generate_messages_check_deps_OdomManualCalibrationStatusStamped
[  0%] Built target _robotnik_msgs_generate_messages_check_deps_enable_disable
[  0%] Built target _robotnik_msgs_generate_messages_check_deps_SetElevatorActionGoal
[  0%] Built target _robotnik_msgs_generate_messages_check_deps_SetElevatorActionFeedback
[  0%] Built target _robotnik_msgs_generate_messages_check_deps_LaserMode
[  0%] Built target _robotnik_msgs_generate_messages_check_deps_SetElevatorResult
[  0%] Built target _robotnik_msgs_generate_messages_check_deps_set_digital_output
[  0%] Built target _robotnik_msgs_generate_messages_check_deps_SetElevatorGoal
[  0%] Built target _robotnik_msgs_generate_messages_check_deps_get_mode
[  0%] Built target _robotnik_msgs_generate_messages_check_deps_set_analog_output
[  0%] Built target _robotnik_msgs_generate_messages_check_deps_Pose2DStamped
[  0%] Built target _robotnik_msgs_generate_messages_check_deps_axis_record
[  0%] Built target _robotnik_msgs_generate_messages_check_deps_set_odometry
[  0%] Built target _robotnik_msgs_generate_messages_check_deps_SetElevator
[  0%] Built target _robotnik_msgs_generate_messages_check_deps_WatchdogStatusArray
[  0%] Built target _robotnik_msgs_generate_messages_check_deps_SetMotorStatus
[  0%] Built target _robotnik_msgs_generate_messages_check_deps_set_modbus_register_bit
[  0%] Built target _robotnik_msgs_generate_messages_check_deps_SetElevatorActionResult
[  0%] Built target _robotnik_msgs_generate_messages_check_deps_get_alarms
[  0%] Built target _robotnik_msgs_generate_messages_check_deps_set_named_digital_output
[  0%] Built target _robotnik_msgs_generate_messages_check_deps_set_modbus_register
[  0%] Built target _robotnik_msgs_generate_messages_check_deps_SetElevatorAction
[  0%] Built target _robotnik_msgs_generate_messages_check_deps_get_modbus_register
[  0%] Built target _robotnik_msgs_generate_messages_check_deps_GetBool
[  0%] Built target _robotnik_msgs_generate_messages_check_deps_SetLaserMode
[  0%] Built target _robotnik_msgs_generate_messages_check_deps_set_CartesianEuler_pose
[  0%] Built target _robotnik_msgs_generate_messages_check_deps_ResetFromSubState
[  0%] Built target _robotnik_msgs_generate_messages_check_deps_BatteryStatusStamped
[  0%] Built target _robotnik_msgs_generate_messages_check_deps_SetNamedDigitalOutput
[  0%] Built target _robotnik_msgs_generate_messages_check_deps_QueryAlarms
[  0%] Built target _robotnik_msgs_generate_messages_check_deps_InsertTask
[  0%] Built target _robotnik_msgs_generate_messages_check_deps_OdomCalibrationStatusStamped
[  0%] Built target _robotnik_msgs_generate_messages_check_deps_SetMotorPID
[  0%] Built target _robotnik_msgs_generate_messages_check_deps_MotorReferenceValueArray
[  0%] Built target _robotnik_msgs_generate_messages_check_deps_GetPOI
[  0%] Built target _robotnik_msgs_generate_messages_check_deps_SetMotorMode
[  0%] Built target _robotnik_msgs_generate_messages_check_deps_SetByte
[  0%] Built target _robotnik_msgs_generate_messages_check_deps_SetCurrent
[  0%] Built target _robotnik_msgs_generate_messages_check_deps_LoggerQuery
[  0%] Built target _robotnik_msgs_generate_messages_check_deps_inputs_outputs
[  0%] Built target _robotnik_msgs_generate_messages_check_deps_SetEncoderTurns
[  0%] Built target _robotnik_msgs_generate_messages_check_deps_ArmStatus
[  0%] Built target _robotnik_msgs_generate_messages_check_deps_SetElevatorFeedback
[  0%] Built target _robotnik_msgs_generate_messages_check_deps_home
[  0%] Built target _robotnik_msgs_generate_messages_check_deps_encoders
[  0%] Built target _robotnik_msgs_generate_messages_check_deps_State
[  0%] Built target _robotnik_msgs_generate_messages_check_deps_PantiltStatus
[  0%] Built target geometry_msgs_generate_messages_eus
[  0%] Built target _robotnik_msgs_generate_messages_check_deps_PresenceSensorArray
[  0%] Built target _robotnik_msgs_generate_messages_check_deps_Alarms
[  0%] Built target _robotnik_msgs_generate_messages_check_deps_QueryAlarm
[  0%] Built target _robotnik_msgs_generate_messages_check_deps_MotorStatus
[  0%] Built target _robotnik_msgs_generate_messages_check_deps_SetString
[  0%] Built target _robotnik_msgs_generate_messages_check_deps_alarmmonitor
[  0%] Built target _robotnik_msgs_generate_messages_check_deps_Interfaces
[  0%] Built target _robotnik_msgs_generate_messages_check_deps_OdomCalibrationStatus
[  0%] Built target _robotnik_msgs_generate_messages_check_deps_SafetyModuleStatus
[  0%] Built target _robotnik_msgs_generate_messages_check_deps_Axis
[  0%] Built target _robotnik_msgs_generate_messages_check_deps_AlarmSensor
[  0%] Built target _robotnik_msgs_generate_messages_check_deps_StringStamped
[  0%] Built target _robotnik_msgs_generate_messages_check_deps_SubState
[  0%] Built target _robotnik_msgs_generate_messages_check_deps_BatteryDockingStatusStamped
[  0%] Built target _robotnik_msgs_generate_messages_check_deps_Pose2DArray
[  0%] Built target _robotnik_msgs_generate_messages_check_deps_ReturnMessage
[  0%] Built target _robotnik_msgs_generate_messages_check_deps_PresenceSensor
[  0%] Built target _robotnik_msgs_generate_messages_check_deps_set_float_value
[  0%] Built target _robotnik_msgs_generate_messages_check_deps_BatteryDockingStatus
[  0%] Built target _robotnik_msgs_generate_messages_check_deps_WatchdogStatus
[  0%] Built target _robotnik_msgs_generate_messages_check_deps_ElevatorAction
[  0%] Built target _robotnik_msgs_generate_messages_check_deps_InverterStatus
[  0%] Built target _robotnik_msgs_generate_messages_check_deps_RobotnikMotorsStatus
[  0%] Built target _robotnik_msgs_generate_messages_check_deps_MotorsStatusDifferential
[  0%] Built target _robotnik_msgs_generate_messages_check_deps_ptz
[  0%] Built target std_msgs_generate_messages_eus
[  0%] Built target _robotnik_msgs_generate_messages_check_deps_OdomManualCalibrationStatus
[  0%] Built target _robotnik_msgs_generate_messages_check_deps_Cartesian_Euler_pose
[  0%] Built target _robotnik_msgs_generate_messages_check_deps_BatteryStatus
[  0%] Built target _robotnik_msgs_generate_messages_check_deps_MotorsStatus
[  0%] Built target _robotnik_msgs_generate_messages_check_deps_set_ptz
[  0%] Built target _robotnik_msgs_generate_messages_check_deps_SetInt16
[  0%] Built target _robotnik_msgs_generate_messages_check_deps_Record
[  0%] Built target _robotnik_msgs_generate_messages_check_deps_get_digital_input
[  0%] Built target _robotnik_msgs_generate_messages_check_deps_MotorPID
[  0%] Built target _robotnik_msgs_generate_messages_check_deps_MotorHeadingOffset
[  0%] Built target _robotnik_msgs_generate_messages_check_deps_BoolArray
[  0%] Built target _robotnik_msgs_generate_messages_check_deps_Data
[  0%] Built target _robotnik_msgs_generate_messages_check_deps_named_inputs_outputs
[  0%] Built target actionlib_msgs_generate_messages_eus
[  0%] Built target _robotnik_msgs_generate_messages_check_deps_PantiltStatusStamped
[  0%] Built target _robotnik_msgs_generate_messages_check_deps_Logger
[  0%] Built target _robotnik_msgs_generate_messages_check_deps_MotorCurrent
[  0%] Built target std_msgs_generate_messages_py
[  0%] Built target _robotnik_msgs_generate_messages_check_deps_ElevatorStatus
[  0%] Built target _robotnik_msgs_generate_messages_check_deps_Registers
[  0%] Built target _robotnik_msgs_generate_messages_check_deps_Register
[  0%] Built target _robotnik_msgs_generate_messages_check_deps_LaserStatus
[  0%] Built target geometry_msgs_generate_messages_py
[  0%] Built target _robotnik_msgs_generate_messages_check_deps_StringArray
[  0%] Built target _robotnik_msgs_generate_messages_check_deps_set_mode
[  0%] Built target actionlib_msgs_generate_messages_py
[  0%] Built target geometry_msgs_generate_messages_cpp
[  0%] Built target _robotnik_msgs_generate_messages_check_deps_alarmsmonitor
[  0%] Built target _robotnik_msgs_generate_messages_check_deps_SetBuzzer
[  0%] Built target _robotnik_msgs_generate_messages_check_deps_ack_alarm
[  0%] Built target actionlib_msgs_generate_messages_lisp
[  0%] Built target actionlib_msgs_generate_messages_cpp
[  0%] Built target std_msgs_generate_messages_lisp
[  0%] Built target _robotnik_msgs_generate_messages_check_deps_set_height
[  0%] Built target std_msgs_generate_messages_cpp
[  0%] Built target geometry_msgs_generate_messages_lisp
[  0%] Built target _robotnik_msgs_generate_messages_check_deps_GetMotorsHeadingOffset
[  0%] Built target geometry_msgs_generate_messages_nodejs
[  0%] Built target actionlib_msgs_generate_messages_nodejs
[  0%] Built target std_msgs_generate_messages_nodejs
[ 27%] Built target robotnik_msgs_generate_messages_lisp
[ 48%] Built target robotnik_msgs_generate_messages_py
[ 60%] Built target robotnik_msgs_generate_messages_cpp
[ 79%] Built target robotnik_msgs_generate_messages_eus
[100%] Built target robotnik_msgs_generate_messages_nodejs
[100%] Built target robotnik_msgs_generate_messages
