[35m[1mScanning dependencies of target _warthog_msgs_generate_messages_check_deps_Status[0m
[35m[1mScanning dependencies of target std_msgs_generate_messages_nodejs[0m
[35m[1mScanning dependencies of target std_msgs_generate_messages_py[0m
[35m[1mScanning dependencies of target std_msgs_generate_messages_lisp[0m
[35m[1mScanning dependencies of target std_msgs_generate_messages_cpp[0m
[35m[1mScanning dependencies of target _warthog_msgs_generate_messages_check_deps_RGB[0m
[35m[1mScanning dependencies of target _warthog_msgs_generate_messages_check_deps_Lights[0m
[35m[1mScanning dependencies of target std_msgs_generate_messages_eus[0m
[  0%] Built target std_msgs_generate_messages_nodejs
[  0%] Built target std_msgs_generate_messages_py
[  0%] Built target std_msgs_generate_messages_lisp
[  0%] Built target std_msgs_generate_messages_eus
[  0%] Built target std_msgs_generate_messages_cpp
[  0%] Built target _warthog_msgs_generate_messages_check_deps_Status
[  0%] Built target _warthog_msgs_generate_messages_check_deps_RGB
[  0%] Built target _warthog_msgs_generate_messages_check_deps_Lights
[35m[1mScanning dependencies of target warthog_msgs_generate_messages_nodejs[0m
[35m[1mScanning dependencies of target warthog_msgs_generate_messages_lisp[0m
[35m[1mScanning dependencies of target warthog_msgs_generate_messages_cpp[0m
[35m[1mScanning dependencies of target warthog_msgs_generate_messages_eus[0m
[35m[1mScanning dependencies of target warthog_msgs_generate_messages_py[0m
[ 11%] [34m[1mGenerating C++ code from warthog_msgs/RGB.msg[0m
[ 11%] [34m[1mGenerating C++ code from warthog_msgs/Lights.msg[0m
[ 17%] [34m[1mGenerating Lisp code from warthog_msgs/Lights.msg[0m
[ 23%] [34m[1mGenerating Javascript code from warthog_msgs/RGB.msg[0m
[ 29%] [34m[1mGenerating Lisp code from warthog_msgs/Status.msg[0m
[ 35%] [34m[1mGenerating Javascript code from warthog_msgs/Lights.msg[0m
[ 41%] [34m[1mGenerating Lisp code from warthog_msgs/RGB.msg[0m
[ 47%] [34m[1mGenerating Javascript code from warthog_msgs/Status.msg[0m
[ 52%] [34m[1mGenerating C++ code from warthog_msgs/Status.msg[0m
[ 58%] [34m[1mGenerating EusLisp manifest code for warthog_msgs[0m
[ 76%] [34m[1mGenerating EusLisp code from warthog_msgs/Status.msg[0m
[ 76%] [34m[1mGenerating Python from MSG warthog_msgs/RGB[0m
[ 76%] [34m[1mGenerating EusLisp code from warthog_msgs/RGB.msg[0m
[ 82%] [34m[1mGenerating Python from MSG warthog_msgs/Lights[0m
[ 88%] [34m[1mGenerating EusLisp code from warthog_msgs/Lights.msg[0m
[ 94%] [34m[1mGenerating Python from MSG warthog_msgs/Status[0m
[ 94%] Built target warthog_msgs_generate_messages_nodejs
[ 94%] Built target warthog_msgs_generate_messages_lisp
[ 94%] Built target warthog_msgs_generate_messages_cpp
[100%] [34m[1mGenerating Python msg __init__.py for warthog_msgs[0m
[100%] Built target warthog_msgs_generate_messages_py
[100%] Built target warthog_msgs_generate_messages_eus
[35m[1mScanning dependencies of target warthog_msgs_generate_messages[0m
[100%] Built target warthog_msgs_generate_messages
