[35m[1mScanning dependencies of target _warthog_msgs_generate_messages_check_deps_RGB[0m
[35m[1mScanning dependencies of target _warthog_msgs_generate_messages_check_deps_Status[0m
[35m[1mScanning dependencies of target std_msgs_generate_messages_nodejs[0m
[35m[1mScanning dependencies of target std_msgs_generate_messages_cpp[0m
[35m[1mScanning dependencies of target std_msgs_generate_messages_eus[0m
[35m[1mScanning dependencies of target std_msgs_generate_messages_lisp[0m
[35m[1mScanning dependencies of target _warthog_msgs_generate_messages_check_deps_Lights[0m
[  0%] Built target std_msgs_generate_messages_eus
[  0%] Built target std_msgs_generate_messages_lisp
[  0%] Built target std_msgs_generate_messages_cpp
[35m[1mScanning dependencies of target std_msgs_generate_messages_py[0m
[  0%] Built target std_msgs_generate_messages_nodejs
[  0%] Built target std_msgs_generate_messages_py
[  0%] Built target _warthog_msgs_generate_messages_check_deps_RGB
[  0%] Built target _warthog_msgs_generate_messages_check_deps_Status
[  0%] Built target _warthog_msgs_generate_messages_check_deps_Lights
[35m[1mScanning dependencies of target warthog_msgs_generate_messages_nodejs[0m
[ 17%] Built target warthog_msgs_generate_messages_nodejs
[35m[1mScanning dependencies of target warthog_msgs_generate_messages_lisp[0m
[ 35%] Built target warthog_msgs_generate_messages_lisp
[35m[1mScanning dependencies of target warthog_msgs_generate_messages_cpp[0m
[35m[1mScanning dependencies of target warthog_msgs_generate_messages_eus[0m
[ 52%] Built target warthog_msgs_generate_messages_cpp
[ 76%] Built target warthog_msgs_generate_messages_eus
[35m[1mScanning dependencies of target warthog_msgs_generate_messages_py[0m
[100%] Built target warthog_msgs_generate_messages_py
[35m[1mScanning dependencies of target warthog_msgs_generate_messages[0m
[100%] Built target warthog_msgs_generate_messages
