Symlinking /home/jorgeurjc/WorkSpace/ROS1/Distributed_AgroSIM/devel/include/warthog_msgs/Lights.h
Symlinking /home/jorgeurjc/WorkSpace/ROS1/Distributed_AgroSIM/devel/include/warthog_msgs/Status.h
Symlinking /home/jorgeurjc/WorkSpace/ROS1/Distributed_AgroSIM/devel/include/warthog_msgs/RGB.h
Symlinking /home/jorgeurjc/WorkSpace/ROS1/Distributed_AgroSIM/devel/lib/pkgconfig/warthog_msgs.pc
Symlinking /home/jorgeurjc/WorkSpace/ROS1/Distributed_AgroSIM/devel/lib/python3/dist-packages/warthog_msgs/__init__.py
Symlinking /home/jorgeurjc/WorkSpace/ROS1/Distributed_AgroSIM/devel/lib/python3/dist-packages/warthog_msgs/msg/_Lights.py
Symlinking /home/jorgeurjc/WorkSpace/ROS1/Distributed_AgroSIM/devel/lib/python3/dist-packages/warthog_msgs/msg/_RGB.py
Symlinking /home/jorgeurjc/WorkSpace/ROS1/Distributed_AgroSIM/devel/lib/python3/dist-packages/warthog_msgs/msg/__init__.py
Symlinking /home/jorgeurjc/WorkSpace/ROS1/Distributed_AgroSIM/devel/lib/python3/dist-packages/warthog_msgs/msg/_Status.py
Symlinking /home/jorgeurjc/WorkSpace/ROS1/Distributed_AgroSIM/devel/share/common-lisp/ros/warthog_msgs/msg/_package_Status.lisp
Symlinking /home/jorgeurjc/WorkSpace/ROS1/Distributed_AgroSIM/devel/share/common-lisp/ros/warthog_msgs/msg/Status.lisp
Symlinking /home/jorgeurjc/WorkSpace/ROS1/Distributed_AgroSIM/devel/share/common-lisp/ros/warthog_msgs/msg/Lights.lisp
Symlinking /home/jorgeurjc/WorkSpace/ROS1/Distributed_AgroSIM/devel/share/common-lisp/ros/warthog_msgs/msg/RGB.lisp
Symlinking /home/jorgeurjc/WorkSpace/ROS1/Distributed_AgroSIM/devel/share/common-lisp/ros/warthog_msgs/msg/_package.lisp
Symlinking /home/jorgeurjc/WorkSpace/ROS1/Distributed_AgroSIM/devel/share/common-lisp/ros/warthog_msgs/msg/_package_Lights.lisp
Symlinking /home/jorgeurjc/WorkSpace/ROS1/Distributed_AgroSIM/devel/share/common-lisp/ros/warthog_msgs/msg/warthog_msgs-msg.asd
Symlinking /home/jorgeurjc/WorkSpace/ROS1/Distributed_AgroSIM/devel/share/common-lisp/ros/warthog_msgs/msg/_package_RGB.lisp
Symlinking /home/jorgeurjc/WorkSpace/ROS1/Distributed_AgroSIM/devel/share/roseus/ros/warthog_msgs/manifest.l
Symlinking /home/jorgeurjc/WorkSpace/ROS1/Distributed_AgroSIM/devel/share/roseus/ros/warthog_msgs/msg/RGB.l
Symlinking /home/jorgeurjc/WorkSpace/ROS1/Distributed_AgroSIM/devel/share/roseus/ros/warthog_msgs/msg/Lights.l
Symlinking /home/jorgeurjc/WorkSpace/ROS1/Distributed_AgroSIM/devel/share/roseus/ros/warthog_msgs/msg/Status.l
Symlinking /home/jorgeurjc/WorkSpace/ROS1/Distributed_AgroSIM/devel/share/warthog_msgs/cmake/warthog_msgs-msg-paths.cmake
Symlinking /home/jorgeurjc/WorkSpace/ROS1/Distributed_AgroSIM/devel/share/warthog_msgs/cmake/warthog_msgsConfig.cmake
Symlinking /home/jorgeurjc/WorkSpace/ROS1/Distributed_AgroSIM/devel/share/warthog_msgs/cmake/warthog_msgsConfig-version.cmake
Symlinking /home/jorgeurjc/WorkSpace/ROS1/Distributed_AgroSIM/devel/share/warthog_msgs/cmake/warthog_msgs-msg-extras.cmake
Symlinking /home/jorgeurjc/WorkSpace/ROS1/Distributed_AgroSIM/devel/share/gennodejs/ros/warthog_msgs/_index.js
Symlinking /home/jorgeurjc/WorkSpace/ROS1/Distributed_AgroSIM/devel/share/gennodejs/ros/warthog_msgs/msg/RGB.js
Symlinking /home/jorgeurjc/WorkSpace/ROS1/Distributed_AgroSIM/devel/share/gennodejs/ros/warthog_msgs/msg/Lights.js
Symlinking /home/jorgeurjc/WorkSpace/ROS1/Distributed_AgroSIM/devel/share/gennodejs/ros/warthog_msgs/msg/Status.js
Symlinking /home/jorgeurjc/WorkSpace/ROS1/Distributed_AgroSIM/devel/share/gennodejs/ros/warthog_msgs/msg/_index.js
