Linked: (/home/jorgeurjc/WorkSpace/ROS1/Distributed_AgroSIM/devel/.private/warthog_msgs/include/warthog_msgs/Lights.h, /home/jorgeurjc/WorkSpace/ROS1/Distributed_AgroSIM/devel/include/warthog_msgs/Lights.h)
Linked: (/home/jorgeurjc/WorkSpace/ROS1/Distributed_AgroSIM/devel/.private/warthog_msgs/include/warthog_msgs/Status.h, /home/jorgeurjc/WorkSpace/ROS1/Distributed_AgroSIM/devel/include/warthog_msgs/Status.h)
Linked: (/home/jorgeurjc/WorkSpace/ROS1/Distributed_AgroSIM/devel/.private/warthog_msgs/include/warthog_msgs/RGB.h, /home/jorgeurjc/WorkSpace/ROS1/Distributed_AgroSIM/devel/include/warthog_msgs/RGB.h)
Linked: (/home/jorgeurjc/WorkSpace/ROS1/Distributed_AgroSIM/devel/.private/warthog_msgs/lib/pkgconfig/warthog_msgs.pc, /home/jorgeurjc/WorkSpace/ROS1/Distributed_AgroSIM/devel/lib/pkgconfig/warthog_msgs.pc)
Linked: (/home/jorgeurjc/WorkSpace/ROS1/Distributed_AgroSIM/devel/.private/warthog_msgs/lib/python3/dist-packages/warthog_msgs/__init__.py, /home/jorgeurjc/WorkSpace/ROS1/Distributed_AgroSIM/devel/lib/python3/dist-packages/warthog_msgs/__init__.py)
Linked: (/home/jorgeurjc/WorkSpace/ROS1/Distributed_AgroSIM/devel/.private/warthog_msgs/lib/python3/dist-packages/warthog_msgs/msg/_Lights.py, /home/jorgeurjc/WorkSpace/ROS1/Distributed_AgroSIM/devel/lib/python3/dist-packages/warthog_msgs/msg/_Lights.py)
Linked: (/home/jorgeurjc/WorkSpace/ROS1/Distributed_AgroSIM/devel/.private/warthog_msgs/lib/python3/dist-packages/warthog_msgs/msg/_RGB.py, /home/jorgeurjc/WorkSpace/ROS1/Distributed_AgroSIM/devel/lib/python3/dist-packages/warthog_msgs/msg/_RGB.py)
Linked: (/home/jorgeurjc/WorkSpace/ROS1/Distributed_AgroSIM/devel/.private/warthog_msgs/lib/python3/dist-packages/warthog_msgs/msg/__init__.py, /home/jorgeurjc/WorkSpace/ROS1/Distributed_AgroSIM/devel/lib/python3/dist-packages/warthog_msgs/msg/__init__.py)
Linked: (/home/jorgeurjc/WorkSpace/ROS1/Distributed_AgroSIM/devel/.private/warthog_msgs/lib/python3/dist-packages/warthog_msgs/msg/_Status.py, /home/jorgeurjc/WorkSpace/ROS1/Distributed_AgroSIM/devel/lib/python3/dist-packages/warthog_msgs/msg/_Status.py)
Linked: (/home/jorgeurjc/WorkSpace/ROS1/Distributed_AgroSIM/devel/.private/warthog_msgs/share/common-lisp/ros/warthog_msgs/msg/_package_Status.lisp, /home/jorgeurjc/WorkSpace/ROS1/Distributed_AgroSIM/devel/share/common-lisp/ros/warthog_msgs/msg/_package_Status.lisp)
Linked: (/home/jorgeurjc/WorkSpace/ROS1/Distributed_AgroSIM/devel/.private/warthog_msgs/share/common-lisp/ros/warthog_msgs/msg/Status.lisp, /home/jorgeurjc/WorkSpace/ROS1/Distributed_AgroSIM/devel/share/common-lisp/ros/warthog_msgs/msg/Status.lisp)
Linked: (/home/jorgeurjc/WorkSpace/ROS1/Distributed_AgroSIM/devel/.private/warthog_msgs/share/common-lisp/ros/warthog_msgs/msg/Lights.lisp, /home/jorgeurjc/WorkSpace/ROS1/Distributed_AgroSIM/devel/share/common-lisp/ros/warthog_msgs/msg/Lights.lisp)
Linked: (/home/jorgeurjc/WorkSpace/ROS1/Distributed_AgroSIM/devel/.private/warthog_msgs/share/common-lisp/ros/warthog_msgs/msg/RGB.lisp, /home/jorgeurjc/WorkSpace/ROS1/Distributed_AgroSIM/devel/share/common-lisp/ros/warthog_msgs/msg/RGB.lisp)
Linked: (/home/jorgeurjc/WorkSpace/ROS1/Distributed_AgroSIM/devel/.private/warthog_msgs/share/common-lisp/ros/warthog_msgs/msg/_package.lisp, /home/jorgeurjc/WorkSpace/ROS1/Distributed_AgroSIM/devel/share/common-lisp/ros/warthog_msgs/msg/_package.lisp)
Linked: (/home/jorgeurjc/WorkSpace/ROS1/Distributed_AgroSIM/devel/.private/warthog_msgs/share/common-lisp/ros/warthog_msgs/msg/_package_Lights.lisp, /home/jorgeurjc/WorkSpace/ROS1/Distributed_AgroSIM/devel/share/common-lisp/ros/warthog_msgs/msg/_package_Lights.lisp)
Linked: (/home/jorgeurjc/WorkSpace/ROS1/Distributed_AgroSIM/devel/.private/warthog_msgs/share/common-lisp/ros/warthog_msgs/msg/warthog_msgs-msg.asd, /home/jorgeurjc/WorkSpace/ROS1/Distributed_AgroSIM/devel/share/common-lisp/ros/warthog_msgs/msg/warthog_msgs-msg.asd)
Linked: (/home/jorgeurjc/WorkSpace/ROS1/Distributed_AgroSIM/devel/.private/warthog_msgs/share/common-lisp/ros/warthog_msgs/msg/_package_RGB.lisp, /home/jorgeurjc/WorkSpace/ROS1/Distributed_AgroSIM/devel/share/common-lisp/ros/warthog_msgs/msg/_package_RGB.lisp)
Linked: (/home/jorgeurjc/WorkSpace/ROS1/Distributed_AgroSIM/devel/.private/warthog_msgs/share/roseus/ros/warthog_msgs/manifest.l, /home/jorgeurjc/WorkSpace/ROS1/Distributed_AgroSIM/devel/share/roseus/ros/warthog_msgs/manifest.l)
Linked: (/home/jorgeurjc/WorkSpace/ROS1/Distributed_AgroSIM/devel/.private/warthog_msgs/share/roseus/ros/warthog_msgs/msg/RGB.l, /home/jorgeurjc/WorkSpace/ROS1/Distributed_AgroSIM/devel/share/roseus/ros/warthog_msgs/msg/RGB.l)
Linked: (/home/jorgeurjc/WorkSpace/ROS1/Distributed_AgroSIM/devel/.private/warthog_msgs/share/roseus/ros/warthog_msgs/msg/Lights.l, /home/jorgeurjc/WorkSpace/ROS1/Distributed_AgroSIM/devel/share/roseus/ros/warthog_msgs/msg/Lights.l)
Linked: (/home/jorgeurjc/WorkSpace/ROS1/Distributed_AgroSIM/devel/.private/warthog_msgs/share/roseus/ros/warthog_msgs/msg/Status.l, /home/jorgeurjc/WorkSpace/ROS1/Distributed_AgroSIM/devel/share/roseus/ros/warthog_msgs/msg/Status.l)
Linked: (/home/jorgeurjc/WorkSpace/ROS1/Distributed_AgroSIM/devel/.private/warthog_msgs/share/warthog_msgs/cmake/warthog_msgs-msg-paths.cmake, /home/jorgeurjc/WorkSpace/ROS1/Distributed_AgroSIM/devel/share/warthog_msgs/cmake/warthog_msgs-msg-paths.cmake)
Linked: (/home/jorgeurjc/WorkSpace/ROS1/Distributed_AgroSIM/devel/.private/warthog_msgs/share/warthog_msgs/cmake/warthog_msgsConfig.cmake, /home/jorgeurjc/WorkSpace/ROS1/Distributed_AgroSIM/devel/share/warthog_msgs/cmake/warthog_msgsConfig.cmake)
Linked: (/home/jorgeurjc/WorkSpace/ROS1/Distributed_AgroSIM/devel/.private/warthog_msgs/share/warthog_msgs/cmake/warthog_msgsConfig-version.cmake, /home/jorgeurjc/WorkSpace/ROS1/Distributed_AgroSIM/devel/share/warthog_msgs/cmake/warthog_msgsConfig-version.cmake)
Linked: (/home/jorgeurjc/WorkSpace/ROS1/Distributed_AgroSIM/devel/.private/warthog_msgs/share/warthog_msgs/cmake/warthog_msgs-msg-extras.cmake, /home/jorgeurjc/WorkSpace/ROS1/Distributed_AgroSIM/devel/share/warthog_msgs/cmake/warthog_msgs-msg-extras.cmake)
Linked: (/home/jorgeurjc/WorkSpace/ROS1/Distributed_AgroSIM/devel/.private/warthog_msgs/share/gennodejs/ros/warthog_msgs/_index.js, /home/jorgeurjc/WorkSpace/ROS1/Distributed_AgroSIM/devel/share/gennodejs/ros/warthog_msgs/_index.js)
Linked: (/home/jorgeurjc/WorkSpace/ROS1/Distributed_AgroSIM/devel/.private/warthog_msgs/share/gennodejs/ros/warthog_msgs/msg/RGB.js, /home/jorgeurjc/WorkSpace/ROS1/Distributed_AgroSIM/devel/share/gennodejs/ros/warthog_msgs/msg/RGB.js)
Linked: (/home/jorgeurjc/WorkSpace/ROS1/Distributed_AgroSIM/devel/.private/warthog_msgs/share/gennodejs/ros/warthog_msgs/msg/Lights.js, /home/jorgeurjc/WorkSpace/ROS1/Distributed_AgroSIM/devel/share/gennodejs/ros/warthog_msgs/msg/Lights.js)
Linked: (/home/jorgeurjc/WorkSpace/ROS1/Distributed_AgroSIM/devel/.private/warthog_msgs/share/gennodejs/ros/warthog_msgs/msg/Status.js, /home/jorgeurjc/WorkSpace/ROS1/Distributed_AgroSIM/devel/share/gennodejs/ros/warthog_msgs/msg/Status.js)
Linked: (/home/jorgeurjc/WorkSpace/ROS1/Distributed_AgroSIM/devel/.private/warthog_msgs/share/gennodejs/ros/warthog_msgs/msg/_index.js, /home/jorgeurjc/WorkSpace/ROS1/Distributed_AgroSIM/devel/share/gennodejs/ros/warthog_msgs/msg/_index.js)
