[  0%] Built target nav_msgs_generate_messages_eus
[  0%] Built target diagnostic_msgs_generate_messages_nodejs
[100%] Built target robotnik_gazebo_ground_truth_odom
[100%] Built target polled_camera_generate_messages_py
[100%] Built target polled_camera_generate_messages_eus
[100%] Built target polled_camera_generate_messages_cpp
[100%] Built target visualization_msgs_generate_messages_py
[100%] Built target visualization_msgs_generate_messages_nodejs
[100%] Built target visualization_msgs_generate_messages_lisp
[100%] Built target polled_camera_generate_messages_lisp
[100%] Built target dynamic_reconfigure_gencfg
[100%] Built target dynamic_reconfigure_generate_messages_cpp
[100%] Built target tf2_msgs_generate_messages_nodejs
[100%] Built target tf2_msgs_generate_messages_lisp
[100%] Built target dynamic_reconfigure_generate_messages_lisp
[100%] Built target tf2_msgs_generate_messages_cpp
[100%] Built target diagnostic_msgs_generate_messages_lisp
[100%] Built target actionlib_generate_messages_py
[100%] Built target actionlib_generate_messages_cpp
[100%] Built target tf_generate_messages_nodejs
[100%] Built target actionlib_generate_messages_nodejs
[100%] Built target tf_generate_messages_cpp
[100%] Built target actionlib_msgs_generate_messages_eus
[100%] Built target dynamic_reconfigure_generate_messages_py
[100%] Built target actionlib_msgs_generate_messages_py
[100%] Built target actionlib_msgs_generate_messages_cpp
[100%] Built target nav_msgs_generate_messages_lisp
[100%] Built target nav_msgs_generate_messages_py
[100%] Built target tf_generate_messages_lisp
[100%] Built target roscpp_generate_messages_cpp
[100%] Built target visualization_msgs_generate_messages_cpp
[100%] Built target sensor_msgs_generate_messages_lisp
[100%] Built target sensor_msgs_generate_messages_eus
[100%] Built target bond_generate_messages_lisp
[100%] Built target geometry_msgs_generate_messages_eus
[100%] Built target sensor_msgs_generate_messages_py
[100%] Built target tf2_msgs_generate_messages_eus
[100%] Built target geometry_msgs_generate_messages_py
[100%] Built target geometry_msgs_generate_messages_cpp
[100%] Built target trajectory_msgs_generate_messages_lisp
[100%] Built target gazebo_msgs_generate_messages_nodejs
[100%] Built target trajectory_msgs_generate_messages_nodejs
[100%] Built target diagnostic_msgs_generate_messages_eus
[100%] Built target nodelet_generate_messages_eus
[100%] Built target diagnostic_msgs_generate_messages_py
[100%] Built target nav_msgs_generate_messages_nodejs
[100%] Built target sensor_msgs_generate_messages_cpp
[100%] Built target std_msgs_generate_messages_py
[100%] Built target std_msgs_generate_messages_nodejs
[100%] Built target nodelet_generate_messages_lisp
[100%] Built target roscpp_generate_messages_lisp
[100%] Built target actionlib_generate_messages_lisp
[100%] Built target _catkin_empty_exported_target
[100%] Built target gazebo_msgs_generate_messages_cpp
[100%] Built target std_msgs_generate_messages_lisp
[100%] Built target visualization_msgs_generate_messages_eus
[100%] Built target nav_msgs_generate_messages_cpp
[100%] Built target tf_generate_messages_eus
[100%] Built target rosgraph_msgs_generate_messages_lisp
[100%] Built target diagnostic_msgs_generate_messages_cpp
[100%] Built target rosgraph_msgs_generate_messages_py
[100%] Built target gazebo_plugins_gencfg
[100%] Built target gazebo_msgs_generate_messages_py
[100%] Built target std_msgs_generate_messages_cpp
[100%] Built target std_srvs_generate_messages_cpp
[100%] Built target trajectory_msgs_generate_messages_cpp
[100%] Built target dynamic_reconfigure_generate_messages_eus
[100%] Built target geometry_msgs_generate_messages_lisp
[100%] Built target geometry_msgs_generate_messages_nodejs
[100%] Built target gazebo_msgs_generate_messages_eus
[100%] Built target tf_generate_messages_py
[100%] Built target actionlib_msgs_generate_messages_nodejs
[100%] Built target actionlib_msgs_generate_messages_lisp
[100%] Built target sensor_msgs_generate_messages_nodejs
[100%] Built target dynamic_reconfigure_generate_messages_nodejs
[100%] Built target std_msgs_generate_messages_eus
[100%] Built target tf2_msgs_generate_messages_py
[100%] Built target bond_generate_messages_cpp
[100%] Built target gazebo_msgs_generate_messages_lisp
[100%] Built target bond_generate_messages_eus
[100%] Built target std_srvs_generate_messages_lisp
[100%] Built target std_srvs_generate_messages_eus
[100%] Built target polled_camera_generate_messages_nodejs
[100%] Built target rosgraph_msgs_generate_messages_eus
[100%] Built target std_srvs_generate_messages_py
[100%] Built target trajectory_msgs_generate_messages_py
[100%] Built target actionlib_generate_messages_eus
[100%] Built target roscpp_generate_messages_eus
[100%] Built target rosgraph_msgs_generate_messages_cpp
[100%] Built target roscpp_generate_messages_nodejs
[100%] Built target roscpp_generate_messages_py
[100%] Built target trajectory_msgs_generate_messages_eus
[100%] Built target rosgraph_msgs_generate_messages_nodejs
[100%] Built target nodelet_generate_messages_cpp
[100%] Built target nodelet_generate_messages_nodejs
[100%] Built target bond_generate_messages_nodejs
[100%] Built target std_srvs_generate_messages_nodejs
[100%] Built target nodelet_generate_messages_py
[100%] Built target bond_generate_messages_py
[100%] Built target robotnik_gazebo_ground_truth_odom_gencfg
