[  0%] Built target diagnostic_msgs_generate_messages_nodejs
[ 50%] [32m[1mLinking CXX shared library /home/jorgeurjc/WorkSpace/ROS1/Distributed-AgroSIM/devel/.private/robotnik_gazebo_ground_truth_odom/lib/librobotnik_gazebo_ground_truth_odom.so[0m
[ 50%] Built target nav_msgs_generate_messages_eus
[ 50%] Built target polled_camera_generate_messages_py
[ 50%] Built target polled_camera_generate_messages_eus
[ 50%] Built target polled_camera_generate_messages_cpp
[ 50%] Built target visualization_msgs_generate_messages_py
[ 50%] Built target visualization_msgs_generate_messages_nodejs
[ 50%] Built target polled_camera_generate_messages_lisp
[ 50%] Built target visualization_msgs_generate_messages_lisp
[ 50%] Built target dynamic_reconfigure_gencfg
[ 50%] Built target tf2_msgs_generate_messages_lisp
[ 50%] Built target tf2_msgs_generate_messages_nodejs
[ 50%] Built target dynamic_reconfigure_generate_messages_cpp
[ 50%] Built target dynamic_reconfigure_generate_messages_lisp
[ 50%] Built target tf2_msgs_generate_messages_cpp
[ 50%] Built target diagnostic_msgs_generate_messages_lisp
[ 50%] Built target actionlib_generate_messages_nodejs
[ 50%] Built target actionlib_generate_messages_py
[ 50%] Built target actionlib_generate_messages_cpp
[ 50%] Built target tf_generate_messages_nodejs
[ 50%] Built target tf_generate_messages_cpp
[ 50%] Built target actionlib_msgs_generate_messages_py
[ 50%] Built target dynamic_reconfigure_generate_messages_py
[ 50%] Built target nav_msgs_generate_messages_py
[ 50%] Built target tf_generate_messages_lisp
[ 50%] Built target actionlib_msgs_generate_messages_eus
[ 50%] Built target actionlib_msgs_generate_messages_cpp
[ 50%] Built target nav_msgs_generate_messages_lisp
[ 50%] Built target roscpp_generate_messages_cpp
[ 50%] Built target visualization_msgs_generate_messages_cpp
[ 50%] Built target sensor_msgs_generate_messages_eus
[ 50%] Built target sensor_msgs_generate_messages_lisp
[ 50%] Built target bond_generate_messages_lisp
[ 50%] Built target geometry_msgs_generate_messages_py
[ 50%] Built target tf2_msgs_generate_messages_eus
[ 50%] Built target sensor_msgs_generate_messages_py
[ 50%] Built target geometry_msgs_generate_messages_eus
[ 50%] Built target geometry_msgs_generate_messages_cpp
[ 50%] Built target trajectory_msgs_generate_messages_lisp
[ 50%] Built target trajectory_msgs_generate_messages_nodejs
[ 50%] Built target diagnostic_msgs_generate_messages_eus
[ 50%] Built target gazebo_msgs_generate_messages_nodejs
[ 50%] Built target nodelet_generate_messages_eus
[ 50%] Built target diagnostic_msgs_generate_messages_py
[ 50%] Built target nav_msgs_generate_messages_nodejs
[ 50%] Built target sensor_msgs_generate_messages_cpp
[ 50%] Built target std_msgs_generate_messages_py
[ 50%] Built target std_msgs_generate_messages_nodejs
[ 50%] Built target actionlib_generate_messages_lisp
[ 50%] Built target nodelet_generate_messages_lisp
[ 50%] Built target _catkin_empty_exported_target
[ 50%] Built target roscpp_generate_messages_lisp
[ 50%] Built target gazebo_msgs_generate_messages_cpp
[ 50%] Built target visualization_msgs_generate_messages_eus
[ 50%] Built target std_msgs_generate_messages_lisp
[ 50%] Built target nav_msgs_generate_messages_cpp
[ 50%] Built target rosgraph_msgs_generate_messages_lisp
[ 50%] Built target tf_generate_messages_eus
[ 50%] Built target rosgraph_msgs_generate_messages_py
[ 50%] Built target gazebo_msgs_generate_messages_py
[ 50%] Built target diagnostic_msgs_generate_messages_cpp
[ 50%] Built target std_msgs_generate_messages_cpp
[ 50%] Built target gazebo_plugins_gencfg
[ 50%] Built target std_srvs_generate_messages_cpp
[ 50%] Built target geometry_msgs_generate_messages_nodejs
[ 50%] Built target dynamic_reconfigure_generate_messages_eus
[ 50%] Built target trajectory_msgs_generate_messages_cpp
[ 50%] Built target gazebo_msgs_generate_messages_eus
[ 50%] Built target geometry_msgs_generate_messages_lisp
[ 50%] Built target tf_generate_messages_py
[ 50%] Built target actionlib_msgs_generate_messages_lisp
[ 50%] Built target actionlib_msgs_generate_messages_nodejs
[ 50%] Built target std_msgs_generate_messages_eus
[ 50%] Built target sensor_msgs_generate_messages_nodejs
[ 50%] Built target dynamic_reconfigure_generate_messages_nodejs
[ 50%] Built target tf2_msgs_generate_messages_py
[ 50%] Built target bond_generate_messages_cpp
[ 50%] Built target gazebo_msgs_generate_messages_lisp
[ 50%] Built target bond_generate_messages_eus
[ 50%] Built target std_srvs_generate_messages_eus
[ 50%] Built target std_srvs_generate_messages_lisp
[ 50%] Built target rosgraph_msgs_generate_messages_eus
[ 50%] Built target actionlib_generate_messages_eus
[ 50%] Built target std_srvs_generate_messages_py
[ 50%] Built target polled_camera_generate_messages_nodejs
[ 50%] Built target trajectory_msgs_generate_messages_py
[ 50%] Built target rosgraph_msgs_generate_messages_cpp
[ 50%] Built target roscpp_generate_messages_nodejs
[ 50%] Built target roscpp_generate_messages_eus
[ 50%] Built target trajectory_msgs_generate_messages_eus
[ 50%] Built target roscpp_generate_messages_py
[ 50%] Built target nodelet_generate_messages_cpp
[ 50%] Built target rosgraph_msgs_generate_messages_nodejs
[ 50%] Built target nodelet_generate_messages_nodejs
[ 50%] Built target nodelet_generate_messages_py
[ 50%] Built target bond_generate_messages_nodejs
[ 50%] Built target std_srvs_generate_messages_nodejs
[ 50%] Built target bond_generate_messages_py
[ 50%] Built target robotnik_gazebo_ground_truth_odom_gencfg
[100%] Built target robotnik_gazebo_ground_truth_odom
